2019-07-23 16:40:13,844 INFO  Logger.cs: 70 - 
--------------------------------------------------------------------------------
2019-07-23 16:40:13,991 INFO  Logger.cs: 71 - Logging commencing for SW2URDF exporter
2019-07-23 16:40:13,995 INFO  Logger.cs: 73 - Commit version 1.5.0-0-g9aa0fdb
2019-07-23 16:40:13,996 INFO  Logger.cs: 74 - Build version 1.5.7004.21443
2019-07-23 16:40:14,139 INFO  SwAddin.cs: 250 - Adding Assembly export to file menu
2019-07-23 16:40:14,141 INFO  SwAddin.cs: 253 - Adding Part export to file menu
2019-07-23 16:40:14,645 INFO  SwAddin.cs: 218 - Connecting plugin to SolidWorks
2019-07-23 17:28:25,418 INFO  SwAddin.cs: 271 - Assembly export called for file mobileBot_v1.1.SLDASM
2019-07-23 17:28:30,730 INFO  SwAddin.cs: 290 - Saving assembly
2019-07-23 17:28:35,740 INFO  SwAddin.cs: 293 - Opening property manager
2019-07-23 17:28:35,763 INFO  ExportHelperExtension.cs: 1134 - Retrieving features of type [CoordSys] from mobileBot_v1.1.SLDASM
2019-07-23 17:28:35,808 INFO  ExportHelperExtension.cs: 1145 - Found 66 in mobileBot_v1.1.SLDASM
2019-07-23 17:28:35,809 INFO  ExportHelperExtension.cs: 1155 - Found 0 features of type [CoordSys] in mobileBot_v1.1.SLDASM
2019-07-23 17:28:35,810 INFO  ExportHelperExtension.cs: 1158 - Proceeding through assembly components
2019-07-23 17:28:35,811 INFO  ExportHelperExtension.cs: 1170 - 19 components to check
2019-07-23 17:28:35,812 INFO  ExportHelperExtension.cs: 1134 - Retrieving features of type [CoordSys] from body-1
2019-07-23 17:28:35,813 INFO  ExportHelperExtension.cs: 1145 - Found 19 in body-1
2019-07-23 17:28:35,813 INFO  ExportHelperExtension.cs: 1155 - Found 0 features of type [CoordSys] in body-1
2019-07-23 17:28:35,814 INFO  ExportHelperExtension.cs: 1134 - Retrieving features of type [CoordSys] from wheel-1
2019-07-23 17:28:35,814 INFO  ExportHelperExtension.cs: 1145 - Found 19 in wheel-1
2019-07-23 17:28:35,815 INFO  ExportHelperExtension.cs: 1155 - Found 0 features of type [CoordSys] in wheel-1
2019-07-23 17:28:35,815 INFO  ExportHelperExtension.cs: 1134 - Retrieving features of type [CoordSys] from ballCaster-1
2019-07-23 17:28:35,816 INFO  ExportHelperExtension.cs: 1145 - Found 18 in ballCaster-1
2019-07-23 17:28:35,816 INFO  ExportHelperExtension.cs: 1155 - Found 0 features of type [CoordSys] in ballCaster-1
2019-07-23 17:28:35,816 INFO  ExportHelperExtension.cs: 1134 - Retrieving features of type [CoordSys] from battery_ABF11V2200mAh-1
2019-07-23 17:28:35,817 INFO  ExportHelperExtension.cs: 1145 - Found 17 in battery_ABF11V2200mAh-1
2019-07-23 17:28:35,817 INFO  ExportHelperExtension.cs: 1155 - Found 0 features of type [CoordSys] in battery_ABF11V2200mAh-1
2019-07-23 17:28:35,818 INFO  ExportHelperExtension.cs: 1134 - Retrieving features of type [CoordSys] from Arduino MEGA 2560 R3_stp-1
2019-07-23 17:28:35,819 INFO  ExportHelperExtension.cs: 1145 - Found 87 in Arduino MEGA 2560 R3_stp-1
2019-07-23 17:28:35,820 INFO  ExportHelperExtension.cs: 1155 - Found 0 features of type [CoordSys] in Arduino MEGA 2560 R3_stp-1
2019-07-23 17:28:35,820 INFO  ExportHelperExtension.cs: 1134 - Retrieving features of type [CoordSys] from wheel-2
2019-07-23 17:28:35,821 INFO  ExportHelperExtension.cs: 1145 - Found 19 in wheel-2
2019-07-23 17:28:35,821 INFO  ExportHelperExtension.cs: 1155 - Found 0 features of type [CoordSys] in wheel-2
2019-07-23 17:28:35,822 INFO  ExportHelperExtension.cs: 1134 - Retrieving features of type [CoordSys] from FSAE Mg CAST 7x13 WHEEL CENTRAL LOCK STANDARD VERSION_igs-1
2019-07-23 17:28:35,822 INFO  ExportHelperExtension.cs: 1145 - Found 17 in FSAE Mg CAST 7x13 WHEEL CENTRAL LOCK STANDARD VERSION_igs-1
2019-07-23 17:28:35,823 INFO  ExportHelperExtension.cs: 1155 - Found 0 features of type [CoordSys] in FSAE Mg CAST 7x13 WHEEL CENTRAL LOCK STANDARD VERSION_igs-1
2019-07-23 17:28:35,823 INFO  ExportHelperExtension.cs: 1134 - Retrieving features of type [CoordSys] from FSAE Mg CAST 7x13 WHEEL CENTRAL LOCK STANDARD VERSION_igs-2
2019-07-23 17:28:35,824 INFO  ExportHelperExtension.cs: 1145 - Found 17 in FSAE Mg CAST 7x13 WHEEL CENTRAL LOCK STANDARD VERSION_igs-2
2019-07-23 17:28:35,825 INFO  ExportHelperExtension.cs: 1155 - Found 0 features of type [CoordSys] in FSAE Mg CAST 7x13 WHEEL CENTRAL LOCK STANDARD VERSION_igs-2
2019-07-23 17:28:35,826 INFO  ExportHelperExtension.cs: 1134 - Retrieving features of type [CoordSys] from motorDriver-1
2019-07-23 17:28:35,826 INFO  ExportHelperExtension.cs: 1145 - Found 17 in motorDriver-1
2019-07-23 17:28:35,827 INFO  ExportHelperExtension.cs: 1155 - Found 0 features of type [CoordSys] in motorDriver-1
2019-07-23 17:28:35,828 INFO  ExportHelperExtension.cs: 1134 - Retrieving features of type [CoordSys] from RP-lidar-A1_igs-1
2019-07-23 17:28:35,829 INFO  ExportHelperExtension.cs: 1145 - Found 32 in RP-lidar-A1_igs-1
2019-07-23 17:28:35,829 INFO  ExportHelperExtension.cs: 1155 - Found 0 features of type [CoordSys] in RP-lidar-A1_igs-1
2019-07-23 17:28:35,830 INFO  ExportHelperExtension.cs: 1134 - Retrieving features of type [CoordSys] from jetsonNano-1
2019-07-23 17:28:35,830 INFO  ExportHelperExtension.cs: 1145 - Found 25 in jetsonNano-1
2019-07-23 17:28:35,831 INFO  ExportHelperExtension.cs: 1155 - Found 0 features of type [CoordSys] in jetsonNano-1
2019-07-23 17:28:35,831 INFO  ExportHelperExtension.cs: 1134 - Retrieving features of type [CoordSys] from battery_case-1
2019-07-23 17:28:35,831 INFO  ExportHelperExtension.cs: 1145 - Found 17 in battery_case-1
2019-07-23 17:28:35,832 INFO  ExportHelperExtension.cs: 1155 - Found 0 features of type [CoordSys] in battery_case-1
2019-07-23 17:28:35,832 INFO  ExportHelperExtension.cs: 1134 - Retrieving features of type [CoordSys] from batteryPack-1
2019-07-23 17:28:35,833 INFO  ExportHelperExtension.cs: 1145 - Found 18 in batteryPack-1
2019-07-23 17:28:35,833 INFO  ExportHelperExtension.cs: 1155 - Found 0 features of type [CoordSys] in batteryPack-1
2019-07-23 17:28:35,833 INFO  ExportHelperExtension.cs: 1134 - Retrieving features of type [CoordSys] from batteryCase2-1
2019-07-23 17:28:35,877 INFO  ExportHelperExtension.cs: 1145 - Found 17 in batteryCase2-1
2019-07-23 17:28:35,877 INFO  ExportHelperExtension.cs: 1155 - Found 0 features of type [CoordSys] in batteryCase2-1
2019-07-23 17:28:35,878 INFO  ExportHelperExtension.cs: 1134 - Retrieving features of type [CoordSys] from motor_support_frame_R-1
2019-07-23 17:28:35,878 INFO  ExportHelperExtension.cs: 1145 - Found 17 in motor_support_frame_R-1
2019-07-23 17:28:35,879 INFO  ExportHelperExtension.cs: 1155 - Found 0 features of type [CoordSys] in motor_support_frame_R-1
2019-07-23 17:28:35,880 INFO  ExportHelperExtension.cs: 1134 - Retrieving features of type [CoordSys] from motor_support_frame-1
2019-07-23 17:28:35,880 INFO  ExportHelperExtension.cs: 1145 - Found 17 in motor_support_frame-1
2019-07-23 17:28:35,881 INFO  ExportHelperExtension.cs: 1155 - Found 0 features of type [CoordSys] in motor_support_frame-1
2019-07-23 17:28:35,881 INFO  ExportHelperExtension.cs: 1134 - Retrieving features of type [CoordSys] from motordriverFrame-1
2019-07-23 17:28:35,882 INFO  ExportHelperExtension.cs: 1145 - Found 17 in motordriverFrame-1
2019-07-23 17:28:35,883 INFO  ExportHelperExtension.cs: 1155 - Found 0 features of type [CoordSys] in motordriverFrame-1
2019-07-23 17:28:35,884 INFO  ExportHelperExtension.cs: 1134 - Retrieving features of type [CoordSys] from motor_GM36A-3229E-2
2019-07-23 17:28:35,885 INFO  ExportHelperExtension.cs: 1145 - Found 20 in motor_GM36A-3229E-2
2019-07-23 17:28:35,886 INFO  ExportHelperExtension.cs: 1155 - Found 0 features of type [CoordSys] in motor_GM36A-3229E-2
2019-07-23 17:28:35,887 INFO  ExportHelperExtension.cs: 1134 - Retrieving features of type [CoordSys] from motor_GM36A-3229E-1
2019-07-23 17:28:35,888 INFO  ExportHelperExtension.cs: 1145 - Found 20 in motor_GM36A-3229E-1
2019-07-23 17:28:35,889 INFO  ExportHelperExtension.cs: 1155 - Found 0 features of type [CoordSys] in motor_GM36A-3229E-1
2019-07-23 17:28:35,890 INFO  ExportHelperExtension.cs: 1134 - Retrieving features of type [RefAxis] from mobileBot_v1.1.SLDASM
2019-07-23 17:28:35,891 INFO  ExportHelperExtension.cs: 1145 - Found 66 in mobileBot_v1.1.SLDASM
2019-07-23 17:28:35,892 INFO  ExportHelperExtension.cs: 1155 - Found 0 features of type [RefAxis] in mobileBot_v1.1.SLDASM
2019-07-23 17:28:35,893 INFO  ExportHelperExtension.cs: 1158 - Proceeding through assembly components
2019-07-23 17:28:35,894 INFO  ExportHelperExtension.cs: 1170 - 19 components to check
2019-07-23 17:28:35,895 INFO  ExportHelperExtension.cs: 1134 - Retrieving features of type [RefAxis] from body-1
2019-07-23 17:28:35,897 INFO  ExportHelperExtension.cs: 1145 - Found 19 in body-1
2019-07-23 17:28:35,898 INFO  ExportHelperExtension.cs: 1155 - Found 0 features of type [RefAxis] in body-1
2019-07-23 17:28:35,899 INFO  ExportHelperExtension.cs: 1134 - Retrieving features of type [RefAxis] from wheel-1
2019-07-23 17:28:35,900 INFO  ExportHelperExtension.cs: 1145 - Found 19 in wheel-1
2019-07-23 17:28:35,901 INFO  ExportHelperExtension.cs: 1155 - Found 0 features of type [RefAxis] in wheel-1
2019-07-23 17:28:35,902 INFO  ExportHelperExtension.cs: 1134 - Retrieving features of type [RefAxis] from ballCaster-1
2019-07-23 17:28:35,903 INFO  ExportHelperExtension.cs: 1145 - Found 18 in ballCaster-1
2019-07-23 17:28:35,904 INFO  ExportHelperExtension.cs: 1155 - Found 0 features of type [RefAxis] in ballCaster-1
2019-07-23 17:28:35,905 INFO  ExportHelperExtension.cs: 1134 - Retrieving features of type [RefAxis] from battery_ABF11V2200mAh-1
2019-07-23 17:28:35,906 INFO  ExportHelperExtension.cs: 1145 - Found 17 in battery_ABF11V2200mAh-1
2019-07-23 17:28:35,907 INFO  ExportHelperExtension.cs: 1155 - Found 0 features of type [RefAxis] in battery_ABF11V2200mAh-1
2019-07-23 17:28:35,908 INFO  ExportHelperExtension.cs: 1134 - Retrieving features of type [RefAxis] from Arduino MEGA 2560 R3_stp-1
2019-07-23 17:28:35,910 INFO  ExportHelperExtension.cs: 1145 - Found 87 in Arduino MEGA 2560 R3_stp-1
2019-07-23 17:28:35,911 INFO  ExportHelperExtension.cs: 1155 - Found 0 features of type [RefAxis] in Arduino MEGA 2560 R3_stp-1
2019-07-23 17:28:35,912 INFO  ExportHelperExtension.cs: 1134 - Retrieving features of type [RefAxis] from wheel-2
2019-07-23 17:28:35,912 INFO  ExportHelperExtension.cs: 1145 - Found 19 in wheel-2
2019-07-23 17:28:35,913 INFO  ExportHelperExtension.cs: 1155 - Found 0 features of type [RefAxis] in wheel-2
2019-07-23 17:28:35,913 INFO  ExportHelperExtension.cs: 1134 - Retrieving features of type [RefAxis] from FSAE Mg CAST 7x13 WHEEL CENTRAL LOCK STANDARD VERSION_igs-1
2019-07-23 17:28:35,914 INFO  ExportHelperExtension.cs: 1145 - Found 17 in FSAE Mg CAST 7x13 WHEEL CENTRAL LOCK STANDARD VERSION_igs-1
2019-07-23 17:28:35,914 INFO  ExportHelperExtension.cs: 1155 - Found 0 features of type [RefAxis] in FSAE Mg CAST 7x13 WHEEL CENTRAL LOCK STANDARD VERSION_igs-1
2019-07-23 17:28:35,915 INFO  ExportHelperExtension.cs: 1134 - Retrieving features of type [RefAxis] from FSAE Mg CAST 7x13 WHEEL CENTRAL LOCK STANDARD VERSION_igs-2
2019-07-23 17:28:35,915 INFO  ExportHelperExtension.cs: 1145 - Found 17 in FSAE Mg CAST 7x13 WHEEL CENTRAL LOCK STANDARD VERSION_igs-2
2019-07-23 17:28:35,916 INFO  ExportHelperExtension.cs: 1155 - Found 0 features of type [RefAxis] in FSAE Mg CAST 7x13 WHEEL CENTRAL LOCK STANDARD VERSION_igs-2
2019-07-23 17:28:35,916 INFO  ExportHelperExtension.cs: 1134 - Retrieving features of type [RefAxis] from motorDriver-1
2019-07-23 17:28:35,917 INFO  ExportHelperExtension.cs: 1145 - Found 17 in motorDriver-1
2019-07-23 17:28:35,918 INFO  ExportHelperExtension.cs: 1155 - Found 0 features of type [RefAxis] in motorDriver-1
2019-07-23 17:28:35,919 INFO  ExportHelperExtension.cs: 1134 - Retrieving features of type [RefAxis] from RP-lidar-A1_igs-1
2019-07-23 17:28:35,919 INFO  ExportHelperExtension.cs: 1145 - Found 32 in RP-lidar-A1_igs-1
2019-07-23 17:28:35,920 INFO  ExportHelperExtension.cs: 1155 - Found 0 features of type [RefAxis] in RP-lidar-A1_igs-1
2019-07-23 17:28:35,921 INFO  ExportHelperExtension.cs: 1134 - Retrieving features of type [RefAxis] from jetsonNano-1
2019-07-23 17:28:35,921 INFO  ExportHelperExtension.cs: 1145 - Found 25 in jetsonNano-1
2019-07-23 17:28:35,922 INFO  ExportHelperExtension.cs: 1155 - Found 0 features of type [RefAxis] in jetsonNano-1
2019-07-23 17:28:35,922 INFO  ExportHelperExtension.cs: 1134 - Retrieving features of type [RefAxis] from battery_case-1
2019-07-23 17:28:35,923 INFO  ExportHelperExtension.cs: 1145 - Found 17 in battery_case-1
2019-07-23 17:28:35,924 INFO  ExportHelperExtension.cs: 1155 - Found 0 features of type [RefAxis] in battery_case-1
2019-07-23 17:28:35,924 INFO  ExportHelperExtension.cs: 1134 - Retrieving features of type [RefAxis] from batteryPack-1
2019-07-23 17:28:35,925 INFO  ExportHelperExtension.cs: 1145 - Found 18 in batteryPack-1
2019-07-23 17:28:35,925 INFO  ExportHelperExtension.cs: 1155 - Found 0 features of type [RefAxis] in batteryPack-1
2019-07-23 17:28:35,926 INFO  ExportHelperExtension.cs: 1134 - Retrieving features of type [RefAxis] from batteryCase2-1
2019-07-23 17:28:35,926 INFO  ExportHelperExtension.cs: 1145 - Found 17 in batteryCase2-1
2019-07-23 17:28:35,927 INFO  ExportHelperExtension.cs: 1155 - Found 0 features of type [RefAxis] in batteryCase2-1
2019-07-23 17:28:35,927 INFO  ExportHelperExtension.cs: 1134 - Retrieving features of type [RefAxis] from motor_support_frame_R-1
2019-07-23 17:28:35,928 INFO  ExportHelperExtension.cs: 1145 - Found 17 in motor_support_frame_R-1
2019-07-23 17:28:35,929 INFO  ExportHelperExtension.cs: 1155 - Found 0 features of type [RefAxis] in motor_support_frame_R-1
2019-07-23 17:28:35,929 INFO  ExportHelperExtension.cs: 1134 - Retrieving features of type [RefAxis] from motor_support_frame-1
2019-07-23 17:28:35,930 INFO  ExportHelperExtension.cs: 1145 - Found 17 in motor_support_frame-1
2019-07-23 17:28:35,931 INFO  ExportHelperExtension.cs: 1155 - Found 0 features of type [RefAxis] in motor_support_frame-1
2019-07-23 17:28:35,931 INFO  ExportHelperExtension.cs: 1134 - Retrieving features of type [RefAxis] from motordriverFrame-1
2019-07-23 17:28:35,932 INFO  ExportHelperExtension.cs: 1145 - Found 17 in motordriverFrame-1
2019-07-23 17:28:35,932 INFO  ExportHelperExtension.cs: 1155 - Found 0 features of type [RefAxis] in motordriverFrame-1
2019-07-23 17:28:35,933 INFO  ExportHelperExtension.cs: 1134 - Retrieving features of type [RefAxis] from motor_GM36A-3229E-2
2019-07-23 17:28:35,933 INFO  ExportHelperExtension.cs: 1145 - Found 20 in motor_GM36A-3229E-2
2019-07-23 17:28:35,934 INFO  ExportHelperExtension.cs: 1155 - Found 0 features of type [RefAxis] in motor_GM36A-3229E-2
2019-07-23 17:28:35,934 INFO  ExportHelperExtension.cs: 1134 - Retrieving features of type [RefAxis] from motor_GM36A-3229E-1
2019-07-23 17:28:35,935 INFO  ExportHelperExtension.cs: 1145 - Found 20 in motor_GM36A-3229E-1
2019-07-23 17:28:35,936 INFO  ExportHelperExtension.cs: 1155 - Found 0 features of type [RefAxis] in motor_GM36A-3229E-1
2019-07-23 17:28:36,384 INFO  ExportPropertyManager.cs: 542 - Unknown
2019-07-23 17:28:36,442 INFO  SwAddin.cs: 316 - Loading config tree
2019-07-23 17:28:36,450 INFO  ExportPropertyManagerExtension.cs: 597 - Starting new configuration
2019-07-23 17:28:36,452 INFO  ExportPropertyManager.cs: 542 - Unknown
2019-07-23 17:28:36,454 INFO  SwAddin.cs: 321 - Showing property manager
2019-07-23 17:30:01,910 INFO  ExportPropertyManager.cs: 1082 - OnListboxSelectionChanged called. This method no longer throws an Exception. It just silently does nothing. Ok, except for this logging message
2019-07-23 17:30:03,847 INFO  ExportPropertyManager.cs: 1082 - OnListboxSelectionChanged called. This method no longer throws an Exception. It just silently does nothing. Ok, except for this logging message
2019-07-23 17:30:04,364 INFO  ExportPropertyManager.cs: 1082 - OnListboxSelectionChanged called. This method no longer throws an Exception. It just silently does nothing. Ok, except for this logging message
2019-07-23 17:30:34,889 INFO  ExportPropertyManager.cs: 1182 - OnNumberBoxTrackingCompleted called. This method no longer throws an Exception. It just silently does nothing. Ok, except for this logging message
2019-07-23 17:30:36,976 INFO  ExportPropertyManager.cs: 1182 - OnNumberBoxTrackingCompleted called. This method no longer throws an Exception. It just silently does nothing. Ok, except for this logging message
2019-07-23 17:32:57,834 INFO  ExportPropertyManager.cs: 1064 - OnComboboxSelectionChanged called. This method no longer throws an Exception. It just silently does nothing. Ok, except for this logging message
2019-07-23 17:33:22,965 INFO  ExportPropertyManager.cs: 1064 - OnComboboxSelectionChanged called. This method no longer throws an Exception. It just silently does nothing. Ok, except for this logging message
2019-07-23 17:33:42,535 INFO  ExportPropertyManager.cs: 1082 - OnListboxSelectionChanged called. This method no longer throws an Exception. It just silently does nothing. Ok, except for this logging message
2019-07-23 17:33:43,314 INFO  ExportPropertyManager.cs: 1082 - OnListboxSelectionChanged called. This method no longer throws an Exception. It just silently does nothing. Ok, except for this logging message
2019-07-23 17:33:44,041 INFO  ExportPropertyManager.cs: 1082 - OnListboxSelectionChanged called. This method no longer throws an Exception. It just silently does nothing. Ok, except for this logging message
2019-07-23 17:35:21,161 INFO  ExportPropertyManager.cs: 454 - Configuration saved
2019-07-23 17:36:02,129 INFO  ExportPropertyManager.cs: 542 - Unknown
2019-07-23 17:36:12,831 INFO  ExportHelperExtension.cs: 338 - Creating joint Wheel_left
2019-07-23 17:36:12,838 INFO  ExportHelperExtension.cs: 1400 - Fixing components for base_link
2019-07-23 17:36:12,839 INFO  ExportHelperExtension.cs: 1405 - Fixing 26
2019-07-23 17:36:12,839 INFO  ExportHelperExtension.cs: 1405 - Fixing 30
2019-07-23 17:36:12,839 INFO  ExportHelperExtension.cs: 1405 - Fixing 43
2019-07-23 17:36:12,840 INFO  ExportHelperExtension.cs: 1405 - Fixing 29
2019-07-23 17:36:12,840 INFO  ExportHelperExtension.cs: 1405 - Fixing 38
2019-07-23 17:36:12,840 INFO  ExportHelperExtension.cs: 1405 - Fixing 32
2019-07-23 17:36:12,841 INFO  ExportHelperExtension.cs: 1405 - Fixing 31
2019-07-23 17:36:12,841 INFO  ExportHelperExtension.cs: 1405 - Fixing 33
2019-07-23 17:36:12,841 INFO  ExportHelperExtension.cs: 1405 - Fixing 24
2019-07-23 17:36:12,841 INFO  ExportHelperExtension.cs: 1405 - Fixing 27
2019-07-23 17:36:12,842 INFO  ExportHelperExtension.cs: 1405 - Fixing 32
2019-07-23 17:36:12,842 INFO  ExportHelperExtension.cs: 1405 - Fixing 25
2019-07-23 17:36:12,842 INFO  ExportHelperExtension.cs: 1405 - Fixing 29
2019-07-23 17:36:12,843 INFO  ExportHelperExtension.cs: 1405 - Fixing 26
2019-07-23 17:36:12,843 INFO  ExportHelperExtension.cs: 1405 - Fixing 23
2019-07-23 17:36:12,843 INFO  ExportHelperExtension.cs: 1405 - Fixing 22
2019-07-23 17:36:12,846 INFO  ExportHelperExtension.cs: 1405 - Fixing 21
2019-07-23 17:36:12,846 INFO  ExportHelperExtension.cs: 1405 - Fixing 19
2019-07-23 17:36:12,846 INFO  ExportHelperExtension.cs: 1405 - Fixing 20
2019-07-23 17:36:12,847 INFO  ExportHelperExtension.cs: 1405 - Fixing 18
2019-07-23 17:36:12,847 INFO  ExportHelperExtension.cs: 1405 - Fixing 17
2019-07-23 17:36:12,847 INFO  ExportHelperExtension.cs: 1405 - Fixing 28
2019-07-23 17:36:12,847 INFO  ExportHelperExtension.cs: 1405 - Fixing 33
2019-07-23 17:36:12,848 INFO  ExportHelperExtension.cs: 1405 - Fixing 35
2019-07-23 17:36:12,848 INFO  ExportHelperExtension.cs: 1405 - Fixing 34
2019-07-23 17:36:12,848 INFO  ExportHelperExtension.cs: 1405 - Fixing 36
2019-07-23 17:36:12,849 INFO  ExportHelperExtension.cs: 1405 - Fixing 39
2019-07-23 17:36:12,850 INFO  ExportHelperExtension.cs: 1405 - Fixing 37
2019-07-23 17:36:12,850 INFO  ExportHelperExtension.cs: 1405 - Fixing 40
2019-07-23 17:36:12,850 INFO  ExportHelperExtension.cs: 1405 - Fixing 25
2019-07-23 17:36:12,850 INFO  ExportHelperExtension.cs: 1405 - Fixing 31
2019-07-23 17:36:14,883 INFO  ExportHelperExtension.cs: 834 - R1: 1, System.__ComObject, 1, 0
2019-07-23 17:36:14,884 INFO  ExportHelperExtension.cs: 847 - R2: 0, 0
2019-07-23 17:36:14,885 INFO  ExportHelperExtension.cs: 855 - L1: 0
2019-07-23 17:36:14,885 INFO  ExportHelperExtension.cs: 863 - L2: 0
2019-07-23 17:36:15,027 INFO  ExportHelperExtension.cs: 1355 - Unfixing component 26
2019-07-23 17:36:15,027 INFO  ExportHelperExtension.cs: 1355 - Unfixing component 30
2019-07-23 17:36:15,028 INFO  ExportHelperExtension.cs: 1355 - Unfixing component 43
2019-07-23 17:36:15,028 INFO  ExportHelperExtension.cs: 1355 - Unfixing component 29
2019-07-23 17:36:15,028 INFO  ExportHelperExtension.cs: 1355 - Unfixing component 38
2019-07-23 17:36:15,029 INFO  ExportHelperExtension.cs: 1355 - Unfixing component 32
2019-07-23 17:36:15,029 INFO  ExportHelperExtension.cs: 1355 - Unfixing component 31
2019-07-23 17:36:15,029 INFO  ExportHelperExtension.cs: 1355 - Unfixing component 33
2019-07-23 17:36:15,030 INFO  ExportHelperExtension.cs: 1355 - Unfixing component 24
2019-07-23 17:36:15,030 INFO  ExportHelperExtension.cs: 1355 - Unfixing component 27
2019-07-23 17:36:15,030 INFO  ExportHelperExtension.cs: 1355 - Unfixing component 32
2019-07-23 17:36:15,030 INFO  ExportHelperExtension.cs: 1355 - Unfixing component 25
2019-07-23 17:36:15,031 INFO  ExportHelperExtension.cs: 1355 - Unfixing component 29
2019-07-23 17:36:15,031 INFO  ExportHelperExtension.cs: 1355 - Unfixing component 26
2019-07-23 17:36:15,031 INFO  ExportHelperExtension.cs: 1355 - Unfixing component 23
2019-07-23 17:36:15,032 INFO  ExportHelperExtension.cs: 1355 - Unfixing component 22
2019-07-23 17:36:15,032 INFO  ExportHelperExtension.cs: 1355 - Unfixing component 21
2019-07-23 17:36:15,032 INFO  ExportHelperExtension.cs: 1355 - Unfixing component 19
2019-07-23 17:36:15,032 INFO  ExportHelperExtension.cs: 1355 - Unfixing component 20
2019-07-23 17:36:15,033 INFO  ExportHelperExtension.cs: 1355 - Unfixing component 18
2019-07-23 17:36:15,034 INFO  ExportHelperExtension.cs: 1355 - Unfixing component 17
2019-07-23 17:36:15,034 INFO  ExportHelperExtension.cs: 1355 - Unfixing component 28
2019-07-23 17:36:15,034 INFO  ExportHelperExtension.cs: 1355 - Unfixing component 33
2019-07-23 17:36:15,034 INFO  ExportHelperExtension.cs: 1355 - Unfixing component 35
2019-07-23 17:36:15,034 INFO  ExportHelperExtension.cs: 1355 - Unfixing component 34
2019-07-23 17:36:15,034 INFO  ExportHelperExtension.cs: 1355 - Unfixing component 36
2019-07-23 17:36:15,035 INFO  ExportHelperExtension.cs: 1355 - Unfixing component 39
2019-07-23 17:36:15,035 INFO  ExportHelperExtension.cs: 1355 - Unfixing component 37
2019-07-23 17:36:15,035 INFO  ExportHelperExtension.cs: 1355 - Unfixing component 40
2019-07-23 17:36:15,036 INFO  ExportHelperExtension.cs: 1355 - Unfixing component 25
2019-07-23 17:36:15,036 INFO  ExportHelperExtension.cs: 1355 - Unfixing component 31
2019-07-23 17:36:25,929 WARN  ExportHelperExtension.cs: 342 - Creating joint from parent base_link to child Wheel_left failed
2019-07-23 17:36:26,821 INFO  ExportHelperExtension.cs: 338 - Creating joint Wheel_right
2019-07-23 17:36:26,822 INFO  ExportHelperExtension.cs: 1400 - Fixing components for base_link
2019-07-23 17:36:26,822 INFO  ExportHelperExtension.cs: 1405 - Fixing 26
2019-07-23 17:36:26,823 INFO  ExportHelperExtension.cs: 1405 - Fixing 30
2019-07-23 17:36:26,823 INFO  ExportHelperExtension.cs: 1405 - Fixing 43
2019-07-23 17:36:26,823 INFO  ExportHelperExtension.cs: 1405 - Fixing 29
2019-07-23 17:36:26,824 INFO  ExportHelperExtension.cs: 1405 - Fixing 38
2019-07-23 17:36:26,824 INFO  ExportHelperExtension.cs: 1405 - Fixing 32
2019-07-23 17:36:26,824 INFO  ExportHelperExtension.cs: 1405 - Fixing 31
2019-07-23 17:36:26,826 INFO  ExportHelperExtension.cs: 1405 - Fixing 33
2019-07-23 17:36:26,826 INFO  ExportHelperExtension.cs: 1405 - Fixing 24
2019-07-23 17:36:26,826 INFO  ExportHelperExtension.cs: 1405 - Fixing 27
2019-07-23 17:36:26,826 INFO  ExportHelperExtension.cs: 1405 - Fixing 32
2019-07-23 17:36:26,826 INFO  ExportHelperExtension.cs: 1405 - Fixing 25
2019-07-23 17:36:26,826 INFO  ExportHelperExtension.cs: 1405 - Fixing 29
2019-07-23 17:36:26,827 INFO  ExportHelperExtension.cs: 1405 - Fixing 26
2019-07-23 17:36:26,827 INFO  ExportHelperExtension.cs: 1405 - Fixing 23
2019-07-23 17:36:26,827 INFO  ExportHelperExtension.cs: 1405 - Fixing 22
2019-07-23 17:36:26,828 INFO  ExportHelperExtension.cs: 1405 - Fixing 21
2019-07-23 17:36:26,828 INFO  ExportHelperExtension.cs: 1405 - Fixing 19
2019-07-23 17:36:26,828 INFO  ExportHelperExtension.cs: 1405 - Fixing 20
2019-07-23 17:36:26,829 INFO  ExportHelperExtension.cs: 1405 - Fixing 18
2019-07-23 17:36:26,830 INFO  ExportHelperExtension.cs: 1405 - Fixing 17
2019-07-23 17:36:26,830 INFO  ExportHelperExtension.cs: 1405 - Fixing 28
2019-07-23 17:36:26,830 INFO  ExportHelperExtension.cs: 1405 - Fixing 33
2019-07-23 17:36:26,831 INFO  ExportHelperExtension.cs: 1405 - Fixing 35
2019-07-23 17:36:26,831 INFO  ExportHelperExtension.cs: 1405 - Fixing 34
2019-07-23 17:36:26,831 INFO  ExportHelperExtension.cs: 1405 - Fixing 36
2019-07-23 17:36:26,832 INFO  ExportHelperExtension.cs: 1405 - Fixing 39
2019-07-23 17:36:26,832 INFO  ExportHelperExtension.cs: 1405 - Fixing 37
2019-07-23 17:36:26,832 INFO  ExportHelperExtension.cs: 1405 - Fixing 40
2019-07-23 17:36:26,833 INFO  ExportHelperExtension.cs: 1405 - Fixing 25
2019-07-23 17:36:26,833 INFO  ExportHelperExtension.cs: 1405 - Fixing 31
2019-07-23 17:36:28,600 INFO  ExportHelperExtension.cs: 834 - R1: 1, System.__ComObject, 1, 0
2019-07-23 17:36:28,600 INFO  ExportHelperExtension.cs: 847 - R2: 0, 0
2019-07-23 17:36:28,601 INFO  ExportHelperExtension.cs: 855 - L1: 0
2019-07-23 17:36:28,601 INFO  ExportHelperExtension.cs: 863 - L2: 0
2019-07-23 17:36:28,601 INFO  ExportHelperExtension.cs: 1355 - Unfixing component 26
2019-07-23 17:36:28,602 INFO  ExportHelperExtension.cs: 1355 - Unfixing component 30
2019-07-23 17:36:28,602 INFO  ExportHelperExtension.cs: 1355 - Unfixing component 43
2019-07-23 17:36:28,602 INFO  ExportHelperExtension.cs: 1355 - Unfixing component 29
2019-07-23 17:36:28,603 INFO  ExportHelperExtension.cs: 1355 - Unfixing component 38
2019-07-23 17:36:28,603 INFO  ExportHelperExtension.cs: 1355 - Unfixing component 32
2019-07-23 17:36:28,603 INFO  ExportHelperExtension.cs: 1355 - Unfixing component 31
2019-07-23 17:36:28,603 INFO  ExportHelperExtension.cs: 1355 - Unfixing component 33
2019-07-23 17:36:28,604 INFO  ExportHelperExtension.cs: 1355 - Unfixing component 24
2019-07-23 17:36:28,604 INFO  ExportHelperExtension.cs: 1355 - Unfixing component 27
2019-07-23 17:36:28,604 INFO  ExportHelperExtension.cs: 1355 - Unfixing component 32
2019-07-23 17:36:28,605 INFO  ExportHelperExtension.cs: 1355 - Unfixing component 25
2019-07-23 17:36:28,606 INFO  ExportHelperExtension.cs: 1355 - Unfixing component 29
2019-07-23 17:36:28,606 INFO  ExportHelperExtension.cs: 1355 - Unfixing component 26
2019-07-23 17:36:28,606 INFO  ExportHelperExtension.cs: 1355 - Unfixing component 23
2019-07-23 17:36:28,606 INFO  ExportHelperExtension.cs: 1355 - Unfixing component 22
2019-07-23 17:36:28,606 INFO  ExportHelperExtension.cs: 1355 - Unfixing component 21
2019-07-23 17:36:28,606 INFO  ExportHelperExtension.cs: 1355 - Unfixing component 19
2019-07-23 17:36:28,607 INFO  ExportHelperExtension.cs: 1355 - Unfixing component 20
2019-07-23 17:36:28,607 INFO  ExportHelperExtension.cs: 1355 - Unfixing component 18
2019-07-23 17:36:28,607 INFO  ExportHelperExtension.cs: 1355 - Unfixing component 17
2019-07-23 17:36:28,608 INFO  ExportHelperExtension.cs: 1355 - Unfixing component 28
2019-07-23 17:36:28,608 INFO  ExportHelperExtension.cs: 1355 - Unfixing component 33
2019-07-23 17:36:28,609 INFO  ExportHelperExtension.cs: 1355 - Unfixing component 35
2019-07-23 17:36:28,609 INFO  ExportHelperExtension.cs: 1355 - Unfixing component 34
2019-07-23 17:36:28,609 INFO  ExportHelperExtension.cs: 1355 - Unfixing component 36
2019-07-23 17:36:28,609 INFO  ExportHelperExtension.cs: 1355 - Unfixing component 39
2019-07-23 17:36:28,609 INFO  ExportHelperExtension.cs: 1355 - Unfixing component 37
2019-07-23 17:36:28,610 INFO  ExportHelperExtension.cs: 1355 - Unfixing component 40
2019-07-23 17:36:28,610 INFO  ExportHelperExtension.cs: 1355 - Unfixing component 25
2019-07-23 17:36:28,610 INFO  ExportHelperExtension.cs: 1355 - Unfixing component 31
2019-07-23 17:36:38,100 WARN  ExportHelperExtension.cs: 342 - Creating joint from parent base_link to child Wheel_right failed
2019-07-23 17:36:39,292 INFO  ExportPropertyManager.cs: 1188 - AfterClose called. This method no longer throws an Exception. It just silently does nothing. Ok, except for this logging message
2019-07-23 17:39:30,279 INFO  AssemblyExportForm.cs: 253 - Completing URDF export
2019-07-23 17:39:30,297 INFO  Serialization.cs: 275 - URDF Configuration found
<Link z:Id="i1" xmlns="http://schemas.datacontract.org/2004/07/SW2URDF" xmlns:i="http://www.w3.org/2001/XMLSchema-instance" xmlns:z="http://schemas.microsoft.com/2003/10/Serialization/"><Attributes><Attribute z:Id="i2"><AttributeType>name</AttributeType><IsRequired>true</IsRequired><Value i:type="a:string" xmlns:a="http://www.w3.org/2001/XMLSchema">base_link</Value></Attribute></Attributes><ChildElements><URDFElement z:Id="i3" i:type="Inertial"><Attributes/><ChildElements><URDFElement z:Id="i4" i:type="Origin"><Attributes><Attribute z:Id="i5"><AttributeType>xyz</AttributeType><IsRequired>true</IsRequired><Value i:type="a:ArrayOfdouble" xmlns:a="http://schemas.microsoft.com/2003/10/Serialization/Arrays"><a:double>0</a:double><a:double>0</a:double><a:double>0</a:double></Value></Attribute><Attribute z:Id="i6"><AttributeType>rpy</AttributeType><IsRequired>true</IsRequired><Value i:type="a:ArrayOfdouble" xmlns:a="http://schemas.microsoft.com/2003/10/Serialization/Arrays"><a:double>0</a:double><a:double>0</a:double><a:double>0</a:double></Value></Attribute></Attributes><ChildElements/><ElementName>origin</ElementName><required>false</required><RPYAttribute z:Ref="i6"/><XYZAttribute z:Ref="i5"/><isCustomized>false</isCustomized></URDFElement><URDFElement z:Id="i7" i:type="Mass"><Attributes><Attribute z:Id="i8"><AttributeType>value</AttributeType><IsRequired>true</IsRequired><Value i:type="a:double" xmlns:a="http://www.w3.org/2001/XMLSchema">0</Value></Attribute></Attributes><ChildElements/><ElementName>mass</ElementName><required>false</required><ValueAttribute z:Ref="i8"/></URDFElement><URDFElement z:Id="i9" i:type="Inertia"><Attributes><Attribute z:Id="i10"><AttributeType>ixx</AttributeType><IsRequired>true</IsRequired><Value i:type="a:double" xmlns:a="http://www.w3.org/2001/XMLSchema">0</Value></Attribute><Attribute z:Id="i11"><AttributeType>ixy</AttributeType><IsRequired>true</IsRequired><Value i:type="a:double" xmlns:a="http://www.w3.org/2001/XMLSchema">0</Value></Attribute><Attribute z:Id="i12"><AttributeType>ixz</AttributeType><IsRequired>true</IsRequired><Value i:type="a:double" xmlns:a="http://www.w3.org/2001/XMLSchema">0</Value></Attribute><Attribute z:Id="i13"><AttributeType>iyy</AttributeType><IsRequired>true</IsRequired><Value i:type="a:double" xmlns:a="http://www.w3.org/2001/XMLSchema">0</Value></Attribute><Attribute z:Id="i14"><AttributeType>iyz</AttributeType><IsRequired>true</IsRequired><Value i:type="a:double" xmlns:a="http://www.w3.org/2001/XMLSchema">0</Value></Attribute><Attribute z:Id="i15"><AttributeType>izz</AttributeType><IsRequired>true</IsRequired><Value i:type="a:double" xmlns:a="http://www.w3.org/2001/XMLSchema">0</Value></Attribute></Attributes><ChildElements/><ElementName>inertia</ElementName><required>false</required><IxxAttribute z:Ref="i10"/><IxyAttribute z:Ref="i11"/><IxzAttribute z:Ref="i12"/><IyyAttribute z:Ref="i13"/><IyzAttribute z:Ref="i14"/><IzzAttribute z:Ref="i15"/></URDFElement></ChildElements><ElementName>inertial</ElementName><required>false</required><Inertia z:Ref="i9"/><Mass z:Ref="i7"/><Origin z:Ref="i4"/></URDFElement><URDFElement z:Id="i16" i:type="Visual"><Attributes/><ChildElements><URDFElement z:Id="i17" i:type="Origin"><Attributes><Attribute z:Id="i18"><AttributeType>xyz</AttributeType><IsRequired>true</IsRequired><Value i:type="a:ArrayOfdouble" xmlns:a="http://schemas.microsoft.com/2003/10/Serialization/Arrays"><a:double>0</a:double><a:double>0</a:double><a:double>0</a:double></Value></Attribute><Attribute z:Id="i19"><AttributeType>rpy</AttributeType><IsRequired>true</IsRequired><Value i:type="a:ArrayOfdouble" xmlns:a="http://schemas.microsoft.com/2003/10/Serialization/Arrays"><a:double>0</a:double><a:double>0</a:double><a:double>0</a:double></Value></Attribute></Attributes><ChildElements/><ElementName>origin</ElementName><required>false</required><RPYAttribute z:Ref="i19"/><XYZAttribute z:Ref="i18"/><isCustomized>false</isCustomized></URDFElement><URDFElement z:Id="i20" i:type="Geometry"><Attributes/><ChildElements><URDFElement z:Id="i21" i:type="Mesh"><Attributes><Attribute z:Id="i22"><AttributeType>filename</AttributeType><IsRequired>true</IsRequired><Value i:nil="true"/></Attribute></Attributes><ChildElements/><ElementName>mesh</ElementName><required>false</required><FilenameAttribute z:Ref="i22"/></URDFElement></ChildElements><ElementName>geometry</ElementName><required>true</required><Mesh z:Ref="i21"/></URDFElement><URDFElement z:Id="i23" i:type="Material"><Attributes><Attribute z:Id="i24"><AttributeType>name</AttributeType><IsRequired>true</IsRequired><Value i:type="a:string" xmlns:a="http://www.w3.org/2001/XMLSchema"/></Attribute></Attributes><ChildElements><URDFElement z:Id="i25" i:type="Color"><Attributes><Attribute z:Id="i26"><AttributeType>rgba</AttributeType><IsRequired>true</IsRequired><Value i:type="a:ArrayOfdouble" xmlns:a="http://schemas.microsoft.com/2003/10/Serialization/Arrays"><a:double>1</a:double><a:double>1</a:double><a:double>1</a:double><a:double>1</a:double></Value></Attribute></Attributes><ChildElements/><ElementName>color</ElementName><required>false</required><RGBAAttribute z:Ref="i26"/></URDFElement><URDFElement z:Id="i27" i:type="Texture"><Attributes><Attribute z:Id="i28"><AttributeType>filename</AttributeType><IsRequired>true</IsRequired><Value i:nil="true"/></Attribute></Attributes><ChildElements/><ElementName>texture</ElementName><required>false</required><FilenameAttribute z:Ref="i28"/><wFilename/></URDFElement></ChildElements><ElementName>material</ElementName><required>false</required><Color z:Ref="i25"/><NameAttribute z:Ref="i24"/><Texture z:Ref="i27"/></URDFElement></ChildElements><ElementName>visual</ElementName><required>false</required><Geometry z:Ref="i20"/><Material z:Ref="i23"/><Origin z:Ref="i17"/></URDFElement><URDFElement z:Id="i29" i:type="Collision"><Attributes/><ChildElements><URDFElement z:Id="i30" i:type="Origin"><Attributes><Attribute z:Id="i31"><AttributeType>xyz</AttributeType><IsRequired>true</IsRequired><Value i:type="a:ArrayOfdouble" xmlns:a="http://schemas.microsoft.com/2003/10/Serialization/Arrays"><a:double>0</a:double><a:double>0</a:double><a:double>0</a:double></Value></Attribute><Attribute z:Id="i32"><AttributeType>rpy</AttributeType><IsRequired>true</IsRequired><Value i:type="a:ArrayOfdouble" xmlns:a="http://schemas.microsoft.com/2003/10/Serialization/Arrays"><a:double>0</a:double><a:double>0</a:double><a:double>0</a:double></Value></Attribute></Attributes><ChildElements/><ElementName>origin</ElementName><required>false</required><RPYAttribute z:Ref="i32"/><XYZAttribute z:Ref="i31"/><isCustomized>false</isCustomized></URDFElement><URDFElement z:Id="i33" i:type="Geometry"><Attributes/><ChildElements><URDFElement z:Id="i34" i:type="Mesh"><Attributes><Attribute z:Id="i35"><AttributeType>filename</AttributeType><IsRequired>true</IsRequired><Value i:nil="true"/></Attribute></Attributes><ChildElements/><ElementName>mesh</ElementName><required>false</required><FilenameAttribute z:Ref="i35"/></URDFElement></ChildElements><ElementName>geometry</ElementName><required>true</required><Mesh z:Ref="i34"/></URDFElement></ChildElements><ElementName>collision</ElementName><required>false</required><Geometry z:Ref="i33"/><Origin z:Ref="i30"/></URDFElement><URDFElement z:Id="i36" i:type="Joint"><Attributes><Attribute z:Id="i37"><AttributeType>name</AttributeType><IsRequired>true</IsRequired><Value i:type="a:string" xmlns:a="http://www.w3.org/2001/XMLSchema"/></Attribute><Attribute z:Id="i38"><AttributeType>type</AttributeType><IsRequired>true</IsRequired><Value i:type="a:string" xmlns:a="http://www.w3.org/2001/XMLSchema"/></Attribute></Attributes><ChildElements><URDFElement z:Id="i39" i:type="Origin"><Attributes><Attribute z:Id="i40"><AttributeType>xyz</AttributeType><IsRequired>true</IsRequired><Value i:type="a:ArrayOfdouble" xmlns:a="http://schemas.microsoft.com/2003/10/Serialization/Arrays"><a:double>0</a:double><a:double>0</a:double><a:double>0</a:double></Value></Attribute><Attribute z:Id="i41"><AttributeType>rpy</AttributeType><IsRequired>true</IsRequired><Value i:type="a:ArrayOfdouble" xmlns:a="http://schemas.microsoft.com/2003/10/Serialization/Arrays"><a:double>0</a:double><a:double>0</a:double><a:double>0</a:double></Value></Attribute></Attributes><ChildElements/><ElementName>origin</ElementName><required>false</required><RPYAttribute z:Ref="i41"/><XYZAttribute z:Ref="i40"/><isCustomized>false</isCustomized></URDFElement><URDFElement z:Id="i42" i:type="ParentLink"><Attributes><Attribute z:Id="i43"><AttributeType>link</AttributeType><IsRequired>true</IsRequired><Value i:type="a:string" xmlns:a="http://www.w3.org/2001/XMLSchema"/></Attribute></Attributes><ChildElements/><ElementName>parent</ElementName><required>true</required><NameAttribute z:Ref="i43"/></URDFElement><URDFElement z:Id="i44" i:type="ChildLink"><Attributes><Attribute z:Id="i45"><AttributeType>link</AttributeType><IsRequired>true</IsRequired><Value i:type="a:string" xmlns:a="http://www.w3.org/2001/XMLSchema"/></Attribute></Attributes><ChildElements/><ElementName>child</ElementName><required>true</required><NameAttribute z:Ref="i45"/></URDFElement><URDFElement z:Id="i46" i:type="Axis"><Attributes><Attribute z:Id="i47"><AttributeType>xyz</AttributeType><IsRequired>true</IsRequired><Value i:type="a:ArrayOfdouble" xmlns:a="http://schemas.microsoft.com/2003/10/Serialization/Arrays"><a:double>0</a:double><a:double>0</a:double><a:double>0</a:double></Value></Attribute></Attributes><ChildElements/><ElementName>axis</ElementName><required>false</required><XYZAttribute z:Ref="i47"/></URDFElement><URDFElement z:Id="i48" i:type="Limit"><Attributes><Attribute z:Id="i49"><AttributeType>lower</AttributeType><IsRequired>false</IsRequired><Value i:nil="true"/></Attribute><Attribute z:Id="i50"><AttributeType>upper</AttributeType><IsRequired>false</IsRequired><Value i:nil="true"/></Attribute><Attribute z:Id="i51"><AttributeType>effort</AttributeType><IsRequired>true</IsRequired><Value i:nil="true"/></Attribute><Attribute z:Id="i52"><AttributeType>velocity</AttributeType><IsRequired>true</IsRequired><Value i:nil="true"/></Attribute></Attributes><ChildElements/><ElementName>limit</ElementName><required>false</required><EffortAttribute z:Ref="i51"/><LowerAttribute z:Ref="i49"/><UpperAttribute z:Ref="i50"/><VelocityAttribute z:Ref="i52"/></URDFElement><URDFElement z:Id="i53" i:type="Calibration"><Attributes><Attribute z:Id="i54"><AttributeType>rising</AttributeType><IsRequired>false</IsRequired><Value i:nil="true"/></Attribute><Attribute z:Id="i55"><AttributeType>falling</AttributeType><IsRequired>false</IsRequired><Value i:nil="true"/></Attribute></Attributes><ChildElements/><ElementName>calibration</ElementName><required>false</required><FallingAttribute z:Ref="i55"/><RisingAttribute z:Ref="i54"/></URDFElement><URDFElement z:Id="i56" i:type="Dynamics"><Attributes><Attribute z:Id="i57"><AttributeType>damping</AttributeType><IsRequired>false</IsRequired><Value i:nil="true"/></Attribute><Attribute z:Id="i58"><AttributeType>friction</AttributeType><IsRequired>false</IsRequired><Value i:nil="true"/></Attribute></Attributes><ChildElements/><ElementName>dynamics</ElementName><required>false</required><DampingAttribute z:Ref="i57"/><FrictionAttribute z:Ref="i58"/></URDFElement><URDFElement z:Id="i59" i:type="SafetyController"><Attributes><Attribute z:Id="i60"><AttributeType>soft_upper</AttributeType><IsRequired>false</IsRequired><Value i:nil="true"/></Attribute><Attribute z:Id="i61"><AttributeType>soft_lower</AttributeType><IsRequired>false</IsRequired><Value i:nil="true"/></Attribute><Attribute z:Id="i62"><AttributeType>k_position</AttributeType><IsRequired>false</IsRequired><Value i:nil="true"/></Attribute><Attribute z:Id="i63"><AttributeType>k_velocity</AttributeType><IsRequired>true</IsRequired><Value i:type="a:double" xmlns:a="http://www.w3.org/2001/XMLSchema">0</Value></Attribute></Attributes><ChildElements/><ElementName>safety_controller</ElementName><required>false</required><KPositionAttribute z:Ref="i62"/><KVelocityAttribute z:Ref="i63"/><SoftLowerAttribute z:Ref="i61"/><SoftUpperAttribute z:Ref="i60"/></URDFElement><URDFElement z:Id="i64" i:type="Mimic"><Attributes><Attribute z:Id="i65"><AttributeType>joint</AttributeType><IsRequired>true</IsRequired><Value i:nil="true"/></Attribute><Attribute z:Id="i66"><AttributeType>multiplier</AttributeType><IsRequired>false</IsRequired><Value i:nil="true"/></Attribute><Attribute z:Id="i67"><AttributeType>offset</AttributeType><IsRequired>false</IsRequired><Value i:nil="true"/></Attribute></Attributes><ChildElements/><ElementName>mimic</ElementName><required>false</required><JointNameAttribute z:Ref="i65"/><MultiplierAttribute z:Ref="i66"/><OffsetAttribute z:Ref="i67"/></URDFElement></ChildElements><ElementName>joint</ElementName><required>false</required><Axis z:Ref="i46"/><AxisName/><Calibration z:Ref="i53"/><Child z:Ref="i44"/><CoordinateSystemName>Automatically Generate</CoordinateSystemName><Dynamics z:Ref="i56"/><Limit z:Ref="i48"/><Mimic z:Ref="i64"/><NameAttribute z:Ref="i37"/><Origin z:Ref="i39"/><Parent z:Ref="i42"/><Safety z:Ref="i59"/><TypeAttribute z:Ref="i38"/></URDFElement></ChildElements><ElementName>link</ElementName><required>true</required><Children><Link z:Id="i68"><Attributes><Attribute z:Id="i69"><AttributeType>name</AttributeType><IsRequired>true</IsRequired><Value i:type="a:string" xmlns:a="http://www.w3.org/2001/XMLSchema">Wheel_left</Value></Attribute></Attributes><ChildElements><URDFElement z:Id="i70" i:type="Inertial"><Attributes/><ChildElements><URDFElement z:Id="i71" i:type="Origin"><Attributes><Attribute z:Id="i72"><AttributeType>xyz</AttributeType><IsRequired>true</IsRequired><Value i:type="a:ArrayOfdouble" xmlns:a="http://schemas.microsoft.com/2003/10/Serialization/Arrays"><a:double>0</a:double><a:double>0</a:double><a:double>0</a:double></Value></Attribute><Attribute z:Id="i73"><AttributeType>rpy</AttributeType><IsRequired>true</IsRequired><Value i:type="a:ArrayOfdouble" xmlns:a="http://schemas.microsoft.com/2003/10/Serialization/Arrays"><a:double>0</a:double><a:double>0</a:double><a:double>0</a:double></Value></Attribute></Attributes><ChildElements/><ElementName>origin</ElementName><required>false</required><RPYAttribute z:Ref="i73"/><XYZAttribute z:Ref="i72"/><isCustomized>false</isCustomized></URDFElement><URDFElement z:Id="i74" i:type="Mass"><Attributes><Attribute z:Id="i75"><AttributeType>value</AttributeType><IsRequired>true</IsRequired><Value i:type="a:double" xmlns:a="http://www.w3.org/2001/XMLSchema">0</Value></Attribute></Attributes><ChildElements/><ElementName>mass</ElementName><required>false</required><ValueAttribute z:Ref="i75"/></URDFElement><URDFElement z:Id="i76" i:type="Inertia"><Attributes><Attribute z:Id="i77"><AttributeType>ixx</AttributeType><IsRequired>true</IsRequired><Value i:type="a:double" xmlns:a="http://www.w3.org/2001/XMLSchema">0</Value></Attribute><Attribute z:Id="i78"><AttributeType>ixy</AttributeType><IsRequired>true</IsRequired><Value i:type="a:double" xmlns:a="http://www.w3.org/2001/XMLSchema">0</Value></Attribute><Attribute z:Id="i79"><AttributeType>ixz</AttributeType><IsRequired>true</IsRequired><Value i:type="a:double" xmlns:a="http://www.w3.org/2001/XMLSchema">0</Value></Attribute><Attribute z:Id="i80"><AttributeType>iyy</AttributeType><IsRequired>true</IsRequired><Value i:type="a:double" xmlns:a="http://www.w3.org/2001/XMLSchema">0</Value></Attribute><Attribute z:Id="i81"><AttributeType>iyz</AttributeType><IsRequired>true</IsRequired><Value i:type="a:double" xmlns:a="http://www.w3.org/2001/XMLSchema">0</Value></Attribute><Attribute z:Id="i82"><AttributeType>izz</AttributeType><IsRequired>true</IsRequired><Value i:type="a:double" xmlns:a="http://www.w3.org/2001/XMLSchema">0</Value></Attribute></Attributes><ChildElements/><ElementName>inertia</ElementName><required>false</required><IxxAttribute z:Ref="i77"/><IxyAttribute z:Ref="i78"/><IxzAttribute z:Ref="i79"/><IyyAttribute z:Ref="i80"/><IyzAttribute z:Ref="i81"/><IzzAttribute z:Ref="i82"/></URDFElement></ChildElements><ElementName>inertial</ElementName><required>false</required><Inertia z:Ref="i76"/><Mass z:Ref="i74"/><Origin z:Ref="i71"/></URDFElement><URDFElement z:Id="i83" i:type="Visual"><Attributes/><ChildElements><URDFElement z:Id="i84" i:type="Origin"><Attributes><Attribute z:Id="i85"><AttributeType>xyz</AttributeType><IsRequired>true</IsRequired><Value i:type="a:ArrayOfdouble" xmlns:a="http://schemas.microsoft.com/2003/10/Serialization/Arrays"><a:double>0</a:double><a:double>0</a:double><a:double>0</a:double></Value></Attribute><Attribute z:Id="i86"><AttributeType>rpy</AttributeType><IsRequired>true</IsRequired><Value i:type="a:ArrayOfdouble" xmlns:a="http://schemas.microsoft.com/2003/10/Serialization/Arrays"><a:double>0</a:double><a:double>0</a:double><a:double>0</a:double></Value></Attribute></Attributes><ChildElements/><ElementName>origin</ElementName><required>false</required><RPYAttribute z:Ref="i86"/><XYZAttribute z:Ref="i85"/><isCustomized>false</isCustomized></URDFElement><URDFElement z:Id="i87" i:type="Geometry"><Attributes/><ChildElements><URDFElement z:Id="i88" i:type="Mesh"><Attributes><Attribute z:Id="i89"><AttributeType>filename</AttributeType><IsRequired>true</IsRequired><Value i:nil="true"/></Attribute></Attributes><ChildElements/><ElementName>mesh</ElementName><required>false</required><FilenameAttribute z:Ref="i89"/></URDFElement></ChildElements><ElementName>geometry</ElementName><required>true</required><Mesh z:Ref="i88"/></URDFElement><URDFElement z:Id="i90" i:type="Material"><Attributes><Attribute z:Id="i91"><AttributeType>name</AttributeType><IsRequired>true</IsRequired><Value i:type="a:string" xmlns:a="http://www.w3.org/2001/XMLSchema"/></Attribute></Attributes><ChildElements><URDFElement z:Id="i92" i:type="Color"><Attributes><Attribute z:Id="i93"><AttributeType>rgba</AttributeType><IsRequired>true</IsRequired><Value i:type="a:ArrayOfdouble" xmlns:a="http://schemas.microsoft.com/2003/10/Serialization/Arrays"><a:double>1</a:double><a:double>1</a:double><a:double>1</a:double><a:double>1</a:double></Value></Attribute></Attributes><ChildElements/><ElementName>color</ElementName><required>false</required><RGBAAttribute z:Ref="i93"/></URDFElement><URDFElement z:Id="i94" i:type="Texture"><Attributes><Attribute z:Id="i95"><AttributeType>filename</AttributeType><IsRequired>true</IsRequired><Value i:nil="true"/></Attribute></Attributes><ChildElements/><ElementName>texture</ElementName><required>false</required><FilenameAttribute z:Ref="i95"/><wFilename/></URDFElement></ChildElements><ElementName>material</ElementName><required>false</required><Color z:Ref="i92"/><NameAttribute z:Ref="i91"/><Texture z:Ref="i94"/></URDFElement></ChildElements><ElementName>visual</ElementName><required>false</required><Geometry z:Ref="i87"/><Material z:Ref="i90"/><Origin z:Ref="i84"/></URDFElement><URDFElement z:Id="i96" i:type="Collision"><Attributes/><ChildElements><URDFElement z:Id="i97" i:type="Origin"><Attributes><Attribute z:Id="i98"><AttributeType>xyz</AttributeType><IsRequired>true</IsRequired><Value i:type="a:ArrayOfdouble" xmlns:a="http://schemas.microsoft.com/2003/10/Serialization/Arrays"><a:double>0</a:double><a:double>0</a:double><a:double>0</a:double></Value></Attribute><Attribute z:Id="i99"><AttributeType>rpy</AttributeType><IsRequired>true</IsRequired><Value i:type="a:ArrayOfdouble" xmlns:a="http://schemas.microsoft.com/2003/10/Serialization/Arrays"><a:double>0</a:double><a:double>0</a:double><a:double>0</a:double></Value></Attribute></Attributes><ChildElements/><ElementName>origin</ElementName><required>false</required><RPYAttribute z:Ref="i99"/><XYZAttribute z:Ref="i98"/><isCustomized>false</isCustomized></URDFElement><URDFElement z:Id="i100" i:type="Geometry"><Attributes/><ChildElements><URDFElement z:Id="i101" i:type="Mesh"><Attributes><Attribute z:Id="i102"><AttributeType>filename</AttributeType><IsRequired>true</IsRequired><Value i:nil="true"/></Attribute></Attributes><ChildElements/><ElementName>mesh</ElementName><required>false</required><FilenameAttribute z:Ref="i102"/></URDFElement></ChildElements><ElementName>geometry</ElementName><required>true</required><Mesh z:Ref="i101"/></URDFElement></ChildElements><ElementName>collision</ElementName><required>false</required><Geometry z:Ref="i100"/><Origin z:Ref="i97"/></URDFElement><URDFElement z:Id="i103" i:type="Joint"><Attributes><Attribute z:Id="i104"><AttributeType>name</AttributeType><IsRequired>true</IsRequired><Value i:type="a:string" xmlns:a="http://www.w3.org/2001/XMLSchema">Wheel_left</Value></Attribute><Attribute z:Id="i105"><AttributeType>type</AttributeType><IsRequired>true</IsRequired><Value i:type="a:string" xmlns:a="http://www.w3.org/2001/XMLSchema">Automatically Detect</Value></Attribute></Attributes><ChildElements><URDFElement z:Id="i106" i:type="Origin"><Attributes><Attribute z:Id="i107"><AttributeType>xyz</AttributeType><IsRequired>true</IsRequired><Value i:type="a:ArrayOfdouble" xmlns:a="http://schemas.microsoft.com/2003/10/Serialization/Arrays"><a:double>0</a:double><a:double>0</a:double><a:double>0</a:double></Value></Attribute><Attribute z:Id="i108"><AttributeType>rpy</AttributeType><IsRequired>true</IsRequired><Value i:type="a:ArrayOfdouble" xmlns:a="http://schemas.microsoft.com/2003/10/Serialization/Arrays"><a:double>0</a:double><a:double>0</a:double><a:double>0</a:double></Value></Attribute></Attributes><ChildElements/><ElementName>origin</ElementName><required>false</required><RPYAttribute z:Ref="i108"/><XYZAttribute z:Ref="i107"/><isCustomized>false</isCustomized></URDFElement><URDFElement z:Id="i109" i:type="ParentLink"><Attributes><Attribute z:Id="i110"><AttributeType>link</AttributeType><IsRequired>true</IsRequired><Value i:type="a:string" xmlns:a="http://www.w3.org/2001/XMLSchema"/></Attribute></Attributes><ChildElements/><ElementName>parent</ElementName><required>true</required><NameAttribute z:Ref="i110"/></URDFElement><URDFElement z:Id="i111" i:type="ChildLink"><Attributes><Attribute z:Id="i112"><AttributeType>link</AttributeType><IsRequired>true</IsRequired><Value i:type="a:string" xmlns:a="http://www.w3.org/2001/XMLSchema"/></Attribute></Attributes><ChildElements/><ElementName>child</ElementName><required>true</required><NameAttribute z:Ref="i112"/></URDFElement><URDFElement z:Id="i113" i:type="Axis"><Attributes><Attribute z:Id="i114"><AttributeType>xyz</AttributeType><IsRequired>true</IsRequired><Value i:type="a:ArrayOfdouble" xmlns:a="http://schemas.microsoft.com/2003/10/Serialization/Arrays"><a:double>0</a:double><a:double>0</a:double><a:double>0</a:double></Value></Attribute></Attributes><ChildElements/><ElementName>axis</ElementName><required>false</required><XYZAttribute z:Ref="i114"/></URDFElement><URDFElement z:Id="i115" i:type="Limit"><Attributes><Attribute z:Id="i116"><AttributeType>lower</AttributeType><IsRequired>false</IsRequired><Value i:nil="true"/></Attribute><Attribute z:Id="i117"><AttributeType>upper</AttributeType><IsRequired>false</IsRequired><Value i:nil="true"/></Attribute><Attribute z:Id="i118"><AttributeType>effort</AttributeType><IsRequired>true</IsRequired><Value i:nil="true"/></Attribute><Attribute z:Id="i119"><AttributeType>velocity</AttributeType><IsRequired>true</IsRequired><Value i:nil="true"/></Attribute></Attributes><ChildElements/><ElementName>limit</ElementName><required>false</required><EffortAttribute z:Ref="i118"/><LowerAttribute z:Ref="i116"/><UpperAttribute z:Ref="i117"/><VelocityAttribute z:Ref="i119"/></URDFElement><URDFElement z:Id="i120" i:type="Calibration"><Attributes><Attribute z:Id="i121"><AttributeType>rising</AttributeType><IsRequired>false</IsRequired><Value i:nil="true"/></Attribute><Attribute z:Id="i122"><AttributeType>falling</AttributeType><IsRequired>false</IsRequired><Value i:nil="true"/></Attribute></Attributes><ChildElements/><ElementName>calibration</ElementName><required>false</required><FallingAttribute z:Ref="i122"/><RisingAttribute z:Ref="i121"/></URDFElement><URDFElement z:Id="i123" i:type="Dynamics"><Attributes><Attribute z:Id="i124"><AttributeType>damping</AttributeType><IsRequired>false</IsRequired><Value i:nil="true"/></Attribute><Attribute z:Id="i125"><AttributeType>friction</AttributeType><IsRequired>false</IsRequired><Value i:nil="true"/></Attribute></Attributes><ChildElements/><ElementName>dynamics</ElementName><required>false</required><DampingAttribute z:Ref="i124"/><FrictionAttribute z:Ref="i125"/></URDFElement><URDFElement z:Id="i126" i:type="SafetyController"><Attributes><Attribute z:Id="i127"><AttributeType>soft_upper</AttributeType><IsRequired>false</IsRequired><Value i:nil="true"/></Attribute><Attribute z:Id="i128"><AttributeType>soft_lower</AttributeType><IsRequired>false</IsRequired><Value i:nil="true"/></Attribute><Attribute z:Id="i129"><AttributeType>k_position</AttributeType><IsRequired>false</IsRequired><Value i:nil="true"/></Attribute><Attribute z:Id="i130"><AttributeType>k_velocity</AttributeType><IsRequired>true</IsRequired><Value i:type="a:double" xmlns:a="http://www.w3.org/2001/XMLSchema">0</Value></Attribute></Attributes><ChildElements/><ElementName>safety_controller</ElementName><required>false</required><KPositionAttribute z:Ref="i129"/><KVelocityAttribute z:Ref="i130"/><SoftLowerAttribute z:Ref="i128"/><SoftUpperAttribute z:Ref="i127"/></URDFElement><URDFElement z:Id="i131" i:type="Mimic"><Attributes><Attribute z:Id="i132"><AttributeType>joint</AttributeType><IsRequired>true</IsRequired><Value i:nil="true"/></Attribute><Attribute z:Id="i133"><AttributeType>multiplier</AttributeType><IsRequired>false</IsRequired><Value i:nil="true"/></Attribute><Attribute z:Id="i134"><AttributeType>offset</AttributeType><IsRequired>false</IsRequired><Value i:nil="true"/></Attribute></Attributes><ChildElements/><ElementName>mimic</ElementName><required>false</required><JointNameAttribute z:Ref="i132"/><MultiplierAttribute z:Ref="i133"/><OffsetAttribute z:Ref="i134"/></URDFElement></ChildElements><ElementName>joint</ElementName><required>false</required><Axis z:Ref="i113"/><AxisName>Automatically Generate</AxisName><Calibration z:Ref="i120"/><Child z:Ref="i111"/><CoordinateSystemName>Automatically Generate</CoordinateSystemName><Dynamics z:Ref="i123"/><Limit z:Ref="i115"/><Mimic z:Ref="i131"/><NameAttribute z:Ref="i104"/><Origin z:Ref="i106"/><Parent z:Ref="i109"/><Safety z:Ref="i126"/><TypeAttribute z:Ref="i105"/></URDFElement></ChildElements><ElementName>link</ElementName><required>true</required><Children/><Collision z:Ref="i96"/><Inertial z:Ref="i70"/><Joint z:Ref="i103"/><NameAttribute z:Ref="i69"/><Parent z:Ref="i1"/><STLQualityFine>false</STLQualityFine><SWComponentPIDs xmlns:a="http://schemas.microsoft.com/2003/10/Serialization/Arrays"><a:base64Binary>ECcAAAUAAAD//v8WdwBoAGUAZQBsAC0AMgBAAG0AbwBiAGkAbABlAEIAbwB0AF8AdgAxAC4AMQAEAAAAEAAAAAEAAAABAAAAGAAAAA==</a:base64Binary><a:base64Binary>ECcAAAUAAAD//v9KRgBTAEEARQAgAE0AZwAgAEMAQQBTAFQAIAA3AHgAMQAzACAAVwBIAEUARQBMACAAQwBFAE4AVABSAEEATAAgAEwATwBDAEsAIABTAFQAQQBOAEQAQQBSAEQAIABWAEUAUgBTAEkATwBOAF8AaQBnAHMALQAyAEAAbQBvAGIAaQBsAGUAQgBvAHQAXwB2ADEALgAxAAQAAAAQAAAAAQAAAAEAAAAcAAAA</a:base64Binary></SWComponentPIDs><SWMainComponentPID i:nil="true"/><Visual z:Ref="i83"/><isFixedFrame>false</isFixedFrame><isIncomplete>false</isIncomplete></Link><Link z:Id="i135"><Attributes><Attribute z:Id="i136"><AttributeType>name</AttributeType><IsRequired>true</IsRequired><Value i:type="a:string" xmlns:a="http://www.w3.org/2001/XMLSchema">Wheel_right</Value></Attribute></Attributes><ChildElements><URDFElement z:Id="i137" i:type="Inertial"><Attributes/><ChildElements><URDFElement z:Id="i138" i:type="Origin"><Attributes><Attribute z:Id="i139"><AttributeType>xyz</AttributeType><IsRequired>true</IsRequired><Value i:type="a:ArrayOfdouble" xmlns:a="http://schemas.microsoft.com/2003/10/Serialization/Arrays"><a:double>0</a:double><a:double>0</a:double><a:double>0</a:double></Value></Attribute><Attribute z:Id="i140"><AttributeType>rpy</AttributeType><IsRequired>true</IsRequired><Value i:type="a:ArrayOfdouble" xmlns:a="http://schemas.microsoft.com/2003/10/Serialization/Arrays"><a:double>0</a:double><a:double>0</a:double><a:double>0</a:double></Value></Attribute></Attributes><ChildElements/><ElementName>origin</ElementName><required>false</required><RPYAttribute z:Ref="i140"/><XYZAttribute z:Ref="i139"/><isCustomized>false</isCustomized></URDFElement><URDFElement z:Id="i141" i:type="Mass"><Attributes><Attribute z:Id="i142"><AttributeType>value</AttributeType><IsRequired>true</IsRequired><Value i:type="a:double" xmlns:a="http://www.w3.org/2001/XMLSchema">0</Value></Attribute></Attributes><ChildElements/><ElementName>mass</ElementName><required>false</required><ValueAttribute z:Ref="i142"/></URDFElement><URDFElement z:Id="i143" i:type="Inertia"><Attributes><Attribute z:Id="i144"><AttributeType>ixx</AttributeType><IsRequired>true</IsRequired><Value i:type="a:double" xmlns:a="http://www.w3.org/2001/XMLSchema">0</Value></Attribute><Attribute z:Id="i145"><AttributeType>ixy</AttributeType><IsRequired>true</IsRequired><Value i:type="a:double" xmlns:a="http://www.w3.org/2001/XMLSchema">0</Value></Attribute><Attribute z:Id="i146"><AttributeType>ixz</AttributeType><IsRequired>true</IsRequired><Value i:type="a:double" xmlns:a="http://www.w3.org/2001/XMLSchema">0</Value></Attribute><Attribute z:Id="i147"><AttributeType>iyy</AttributeType><IsRequired>true</IsRequired><Value i:type="a:double" xmlns:a="http://www.w3.org/2001/XMLSchema">0</Value></Attribute><Attribute z:Id="i148"><AttributeType>iyz</AttributeType><IsRequired>true</IsRequired><Value i:type="a:double" xmlns:a="http://www.w3.org/2001/XMLSchema">0</Value></Attribute><Attribute z:Id="i149"><AttributeType>izz</AttributeType><IsRequired>true</IsRequired><Value i:type="a:double" xmlns:a="http://www.w3.org/2001/XMLSchema">0</Value></Attribute></Attributes><ChildElements/><ElementName>inertia</ElementName><required>false</required><IxxAttribute z:Ref="i144"/><IxyAttribute z:Ref="i145"/><IxzAttribute z:Ref="i146"/><IyyAttribute z:Ref="i147"/><IyzAttribute z:Ref="i148"/><IzzAttribute z:Ref="i149"/></URDFElement></ChildElements><ElementName>inertial</ElementName><required>false</required><Inertia z:Ref="i143"/><Mass z:Ref="i141"/><Origin z:Ref="i138"/></URDFElement><URDFElement z:Id="i150" i:type="Visual"><Attributes/><ChildElements><URDFElement z:Id="i151" i:type="Origin"><Attributes><Attribute z:Id="i152"><AttributeType>xyz</AttributeType><IsRequired>true</IsRequired><Value i:type="a:ArrayOfdouble" xmlns:a="http://schemas.microsoft.com/2003/10/Serialization/Arrays"><a:double>0</a:double><a:double>0</a:double><a:double>0</a:double></Value></Attribute><Attribute z:Id="i153"><AttributeType>rpy</AttributeType><IsRequired>true</IsRequired><Value i:type="a:ArrayOfdouble" xmlns:a="http://schemas.microsoft.com/2003/10/Serialization/Arrays"><a:double>0</a:double><a:double>0</a:double><a:double>0</a:double></Value></Attribute></Attributes><ChildElements/><ElementName>origin</ElementName><required>false</required><RPYAttribute z:Ref="i153"/><XYZAttribute z:Ref="i152"/><isCustomized>false</isCustomized></URDFElement><URDFElement z:Id="i154" i:type="Geometry"><Attributes/><ChildElements><URDFElement z:Id="i155" i:type="Mesh"><Attributes><Attribute z:Id="i156"><AttributeType>filename</AttributeType><IsRequired>true</IsRequired><Value i:nil="true"/></Attribute></Attributes><ChildElements/><ElementName>mesh</ElementName><required>false</required><FilenameAttribute z:Ref="i156"/></URDFElement></ChildElements><ElementName>geometry</ElementName><required>true</required><Mesh z:Ref="i155"/></URDFElement><URDFElement z:Id="i157" i:type="Material"><Attributes><Attribute z:Id="i158"><AttributeType>name</AttributeType><IsRequired>true</IsRequired><Value i:type="a:string" xmlns:a="http://www.w3.org/2001/XMLSchema"/></Attribute></Attributes><ChildElements><URDFElement z:Id="i159" i:type="Color"><Attributes><Attribute z:Id="i160"><AttributeType>rgba</AttributeType><IsRequired>true</IsRequired><Value i:type="a:ArrayOfdouble" xmlns:a="http://schemas.microsoft.com/2003/10/Serialization/Arrays"><a:double>1</a:double><a:double>1</a:double><a:double>1</a:double><a:double>1</a:double></Value></Attribute></Attributes><ChildElements/><ElementName>color</ElementName><required>false</required><RGBAAttribute z:Ref="i160"/></URDFElement><URDFElement z:Id="i161" i:type="Texture"><Attributes><Attribute z:Id="i162"><AttributeType>filename</AttributeType><IsRequired>true</IsRequired><Value i:nil="true"/></Attribute></Attributes><ChildElements/><ElementName>texture</ElementName><required>false</required><FilenameAttribute z:Ref="i162"/><wFilename/></URDFElement></ChildElements><ElementName>material</ElementName><required>false</required><Color z:Ref="i159"/><NameAttribute z:Ref="i158"/><Texture z:Ref="i161"/></URDFElement></ChildElements><ElementName>visual</ElementName><required>false</required><Geometry z:Ref="i154"/><Material z:Ref="i157"/><Origin z:Ref="i151"/></URDFElement><URDFElement z:Id="i163" i:type="Collision"><Attributes/><ChildElements><URDFElement z:Id="i164" i:type="Origin"><Attributes><Attribute z:Id="i165"><AttributeType>xyz</AttributeType><IsRequired>true</IsRequired><Value i:type="a:ArrayOfdouble" xmlns:a="http://schemas.microsoft.com/2003/10/Serialization/Arrays"><a:double>0</a:double><a:double>0</a:double><a:double>0</a:double></Value></Attribute><Attribute z:Id="i166"><AttributeType>rpy</AttributeType><IsRequired>true</IsRequired><Value i:type="a:ArrayOfdouble" xmlns:a="http://schemas.microsoft.com/2003/10/Serialization/Arrays"><a:double>0</a:double><a:double>0</a:double><a:double>0</a:double></Value></Attribute></Attributes><ChildElements/><ElementName>origin</ElementName><required>false</required><RPYAttribute z:Ref="i166"/><XYZAttribute z:Ref="i165"/><isCustomized>false</isCustomized></URDFElement><URDFElement z:Id="i167" i:type="Geometry"><Attributes/><ChildElements><URDFElement z:Id="i168" i:type="Mesh"><Attributes><Attribute z:Id="i169"><AttributeType>filename</AttributeType><IsRequired>true</IsRequired><Value i:nil="true"/></Attribute></Attributes><ChildElements/><ElementName>mesh</ElementName><required>false</required><FilenameAttribute z:Ref="i169"/></URDFElement></ChildElements><ElementName>geometry</ElementName><required>true</required><Mesh z:Ref="i168"/></URDFElement></ChildElements><ElementName>collision</ElementName><required>false</required><Geometry z:Ref="i167"/><Origin z:Ref="i164"/></URDFElement><URDFElement z:Id="i170" i:type="Joint"><Attributes><Attribute z:Id="i171"><AttributeType>name</AttributeType><IsRequired>true</IsRequired><Value i:type="a:string" xmlns:a="http://www.w3.org/2001/XMLSchema">Wheel_right</Value></Attribute><Attribute z:Id="i172"><AttributeType>type</AttributeType><IsRequired>true</IsRequired><Value i:type="a:string" xmlns:a="http://www.w3.org/2001/XMLSchema">Automatically Detect</Value></Attribute></Attributes><ChildElements><URDFElement z:Id="i173" i:type="Origin"><Attributes><Attribute z:Id="i174"><AttributeType>xyz</AttributeType><IsRequired>true</IsRequired><Value i:type="a:ArrayOfdouble" xmlns:a="http://schemas.microsoft.com/2003/10/Serialization/Arrays"><a:double>0</a:double><a:double>0</a:double><a:double>0</a:double></Value></Attribute><Attribute z:Id="i175"><AttributeType>rpy</AttributeType><IsRequired>true</IsRequired><Value i:type="a:ArrayOfdouble" xmlns:a="http://schemas.microsoft.com/2003/10/Serialization/Arrays"><a:double>0</a:double><a:double>0</a:double><a:double>0</a:double></Value></Attribute></Attributes><ChildElements/><ElementName>origin</ElementName><required>false</required><RPYAttribute z:Ref="i175"/><XYZAttribute z:Ref="i174"/><isCustomized>false</isCustomized></URDFElement><URDFElement z:Id="i176" i:type="ParentLink"><Attributes><Attribute z:Id="i177"><AttributeType>link</AttributeType><IsRequired>true</IsRequired><Value i:type="a:string" xmlns:a="http://www.w3.org/2001/XMLSchema"/></Attribute></Attributes><ChildElements/><ElementName>parent</ElementName><required>true</required><NameAttribute z:Ref="i177"/></URDFElement><URDFElement z:Id="i178" i:type="ChildLink"><Attributes><Attribute z:Id="i179"><AttributeType>link</AttributeType><IsRequired>true</IsRequired><Value i:type="a:string" xmlns:a="http://www.w3.org/2001/XMLSchema"/></Attribute></Attributes><ChildElements/><ElementName>child</ElementName><required>true</required><NameAttribute z:Ref="i179"/></URDFElement><URDFElement z:Id="i180" i:type="Axis"><Attributes><Attribute z:Id="i181"><AttributeType>xyz</AttributeType><IsRequired>true</IsRequired><Value i:type="a:ArrayOfdouble" xmlns:a="http://schemas.microsoft.com/2003/10/Serialization/Arrays"><a:double>0</a:double><a:double>0</a:double><a:double>0</a:double></Value></Attribute></Attributes><ChildElements/><ElementName>axis</ElementName><required>false</required><XYZAttribute z:Ref="i181"/></URDFElement><URDFElement z:Id="i182" i:type="Limit"><Attributes><Attribute z:Id="i183"><AttributeType>lower</AttributeType><IsRequired>false</IsRequired><Value i:nil="true"/></Attribute><Attribute z:Id="i184"><AttributeType>upper</AttributeType><IsRequired>false</IsRequired><Value i:nil="true"/></Attribute><Attribute z:Id="i185"><AttributeType>effort</AttributeType><IsRequired>true</IsRequired><Value i:nil="true"/></Attribute><Attribute z:Id="i186"><AttributeType>velocity</AttributeType><IsRequired>true</IsRequired><Value i:nil="true"/></Attribute></Attributes><ChildElements/><ElementName>limit</ElementName><required>false</required><EffortAttribute z:Ref="i185"/><LowerAttribute z:Ref="i183"/><UpperAttribute z:Ref="i184"/><VelocityAttribute z:Ref="i186"/></URDFElement><URDFElement z:Id="i187" i:type="Calibration"><Attributes><Attribute z:Id="i188"><AttributeType>rising</AttributeType><IsRequired>false</IsRequired><Value i:nil="true"/></Attribute><Attribute z:Id="i189"><AttributeType>falling</AttributeType><IsRequired>false</IsRequired><Value i:nil="true"/></Attribute></Attributes><ChildElements/><ElementName>calibration</ElementName><required>false</required><FallingAttribute z:Ref="i189"/><RisingAttribute z:Ref="i188"/></URDFElement><URDFElement z:Id="i190" i:type="Dynamics"><Attributes><Attribute z:Id="i191"><AttributeType>damping</AttributeType><IsRequired>false</IsRequired><Value i:nil="true"/></Attribute><Attribute z:Id="i192"><AttributeType>friction</AttributeType><IsRequired>false</IsRequired><Value i:nil="true"/></Attribute></Attributes><ChildElements/><ElementName>dynamics</ElementName><required>false</required><DampingAttribute z:Ref="i191"/><FrictionAttribute z:Ref="i192"/></URDFElement><URDFElement z:Id="i193" i:type="SafetyController"><Attributes><Attribute z:Id="i194"><AttributeType>soft_upper</AttributeType><IsRequired>false</IsRequired><Value i:nil="true"/></Attribute><Attribute z:Id="i195"><AttributeType>soft_lower</AttributeType><IsRequired>false</IsRequired><Value i:nil="true"/></Attribute><Attribute z:Id="i196"><AttributeType>k_position</AttributeType><IsRequired>false</IsRequired><Value i:nil="true"/></Attribute><Attribute z:Id="i197"><AttributeType>k_velocity</AttributeType><IsRequired>true</IsRequired><Value i:type="a:double" xmlns:a="http://www.w3.org/2001/XMLSchema">0</Value></Attribute></Attributes><ChildElements/><ElementName>safety_controller</ElementName><required>false</required><KPositionAttribute z:Ref="i196"/><KVelocityAttribute z:Ref="i197"/><SoftLowerAttribute z:Ref="i195"/><SoftUpperAttribute z:Ref="i194"/></URDFElement><URDFElement z:Id="i198" i:type="Mimic"><Attributes><Attribute z:Id="i199"><AttributeType>joint</AttributeType><IsRequired>true</IsRequired><Value i:nil="true"/></Attribute><Attribute z:Id="i200"><AttributeType>multiplier</AttributeType><IsRequired>false</IsRequired><Value i:nil="true"/></Attribute><Attribute z:Id="i201"><AttributeType>offset</AttributeType><IsRequired>false</IsRequired><Value i:nil="true"/></Attribute></Attributes><ChildElements/><ElementName>mimic</ElementName><required>false</required><JointNameAttribute z:Ref="i199"/><MultiplierAttribute z:Ref="i200"/><OffsetAttribute z:Ref="i201"/></URDFElement></ChildElements><ElementName>joint</ElementName><required>false</required><Axis z:Ref="i180"/><AxisName>Automatically Generate</AxisName><Calibration z:Ref="i187"/><Child z:Ref="i178"/><CoordinateSystemName>Automatically Generate</CoordinateSystemName><Dynamics z:Ref="i190"/><Limit z:Ref="i182"/><Mimic z:Ref="i198"/><NameAttribute z:Ref="i171"/><Origin z:Ref="i173"/><Parent z:Ref="i176"/><Safety z:Ref="i193"/><TypeAttribute z:Ref="i172"/></URDFElement></ChildElements><ElementName>link</ElementName><required>true</required><Children/><Collision z:Ref="i163"/><Inertial z:Ref="i137"/><Joint z:Ref="i170"/><NameAttribute z:Ref="i136"/><Parent z:Ref="i1"/><STLQualityFine>false</STLQualityFine><SWComponentPIDs xmlns:a="http://schemas.microsoft.com/2003/10/Serialization/Arrays"><a:base64Binary>ECcAAAUAAAD//v8WdwBoAGUAZQBsAC0AMQBAAG0AbwBiAGkAbABlAEIAbwB0AF8AdgAxAC4AMQAEAAAAEAAAAAEAAAABAAAAFwAAAA==</a:base64Binary><a:base64Binary>ECcAAAUAAAD//v9KRgBTAEEARQAgAE0AZwAgAEMAQQBTAFQAIAA3AHgAMQAzACAAVwBIAEUARQBMACAAQwBFAE4AVABSAEEATAAgAEwATwBDAEsAIABTAFQAQQBOAEQAQQBSAEQAIABWAEUAUgBTAEkATwBOAF8AaQBnAHMALQAxAEAAbQBvAGIAaQBsAGUAQgBvAHQAXwB2ADEALgAxAAQAAAAQAAAAAQAAAAEAAAAbAAAA</a:base64Binary></SWComponentPIDs><SWMainComponentPID i:nil="true"/><Visual z:Ref="i150"/><isFixedFrame>false</isFixedFrame><isIncomplete>false</isIncomplete></Link></Children><Collision z:Ref="i29"/><Inertial z:Ref="i3"/><Joint z:Ref="i36"/><NameAttribute z:Ref="i2"/><Parent i:nil="true"/><STLQualityFine>false</STLQualityFine><SWComponentPIDs xmlns:a="http://schemas.microsoft.com/2003/10/Serialization/Arrays"><a:base64Binary>ECcAAAUAAAD//v8VYgBvAGQAeQAtADEAQABtAG8AYgBpAGwAZQBCAG8AdABfAHYAMQAuADEABAAAABAAAAABAAAAAQAAABoAAAA=</a:base64Binary><a:base64Binary>ECcAAAUAAAD//v8cbQBvAHQAbwByAEQAcgBpAHYAZQByAC0AMQBAAG0AbwBiAGkAbABlAEIAbwB0AF8AdgAxAC4AMQAEAAAAEAAAAAEAAAABAAAAHgAAAA==</a:base64Binary><a:base64Binary>ECcAAAUAAAD//v8hbQBvAHQAbwByAGQAcgBpAHYAZQByAEYAcgBhAG0AZQAtADEAQABtAG8AYgBpAGwAZQBCAG8AdABfAHYAMQAuADEABAAAABAAAAABAAAAAQAAACsAAAA=</a:base64Binary><a:base64Binary>ECcAAAUAAAD//v8mYgBhAHQAdABlAHIAeQBfAEEAQgBGADEAMQBWADIAMgAwADAAbQBBAGgALQAxAEAAbQBvAGIAaQBsAGUAQgBvAHQAXwB2ADEALgAxAAQAAAAQAAAAAQAAAAEAAAAdAAAA</a:base64Binary><a:base64Binary>ECcAAAUAAAD//v8dYgBhAHQAdABlAHIAeQBDAGEAcwBlADIALQAxAEAAbQBvAGIAaQBsAGUAQgBvAHQAXwB2ADEALgAxAAQAAAAQAAAAAQAAAAEAAAAmAAAA</a:base64Binary><a:base64Binary>ECcAAAUAAAD//v8bagBlAHQAcwBvAG4ATgBhAG4AbwAtADEAQABtAG8AYgBpAGwAZQBCAG8AdABfAHYAMQAuADEABAAAABAAAAABAAAAAQAAACAAAAA=</a:base64Binary><a:base64Binary>ECcAAAUAAAD//v89UgBQAC0AbABpAGQAYQByAC0AQQAxAF8AaQBnAHMALQAxAEAAbQBvAGIAaQBsAGUAQgBvAHQAXwB2ADEALgAxAC8AYgBvAHQAdABvAG0ALQBsAGkAZAAtADEAQABSAFAALQBsAGkAZABhAHIALQBBADEAXwBpAGcAcwAEAAAAEAAAAAEAAAACAAAAHwAAAB8AAAA=</a:base64Binary><a:base64Binary>ECcAAAUAAAD//v88UgBQAC0AbABpAGQAYQByAC0AQQAxAF8AaQBnAHMALQAxAEAAbQBvAGIAaQBsAGUAQgBvAHQAXwB2ADEALgAxAC8AdwBoAGUAZQBsAF8AMQA1ADkALQAxAEAAUgBQAC0AbABpAGQAYQByAC0AQQAxAF8AaQBnAHMABAAAABAAAAABAAAAAgAAAB8AAAAhAAAA</a:base64Binary><a:base64Binary>ECcAAAUAAAD//v9PUgBQAC0AbABpAGQAYQByAC0AQQAxAF8AaQBnAHMALQAxAEAAbQBvAGIAaQBsAGUAQgBvAHQAXwB2ADEALgAxAC8AVwBvAG8AZABzAGMAcgBlAHcAcwBfAEcAQgBfAFQAWQBQAEUAMQAzADYAIABNADIAWAA2AC0ATgAtADEAQABSAFAALQBsAGkAZABhAHIALQBBADEAXwBpAGcAcwAEAAAAEAAAAAEAAAACAAAAHwAAABgAAAA=</a:base64Binary><a:base64Binary>ECcAAAUAAAD//v8+UgBQAC0AbABpAGQAYQByAC0AQQAxAF8AaQBnAHMALQAxAEAAbQBvAGIAaQBsAGUAQgBvAHQAXwB2ADEALgAxAC8AbQBvAHQAaABlAHIAYgBvAGEAcgBkAC0AMQBAAFIAUAAtAGwAaQBkAGEAcgAtAEEAMQBfAGkAZwBzAAQAAAAQAAAAAQAAAAIAAAAfAAAAGwAAAA==</a:base64Binary><a:base64Binary>ECcAAAUAAAD//v85UgBQAC0AbABpAGQAYQByAC0AQQAxAF8AaQBnAHMALQAxAEAAbQBvAGIAaQBsAGUAQgBvAHQAXwB2ADEALgAxAC8AcgB1AGIAYgBlAHIALQAxAEAAUgBQAC0AbABpAGQAYQByAC0AQQAxAF8AaQBnAHMABAAAABAAAAABAAAAAgAAAB8AAAAgAAAA</a:base64Binary><a:base64Binary>ECcAAAUAAAD//v9PUgBQAC0AbABpAGQAYQByAC0AQQAxAF8AaQBnAHMALQAxAEAAbQBvAGIAaQBsAGUAQgBvAHQAXwB2ADEALgAxAC8AVwBvAG8AZABzAGMAcgBlAHcAcwBfAEcAQgBfAFQAWQBQAEUAMQAzADYAIABNADIAWAA2AC0ATgAtADIAQABSAFAALQBsAGkAZABhAHIALQBBADEAXwBpAGcAcwAEAAAAEAAAAAEAAAACAAAAHwAAABkAAAA=</a:base64Binary><a:base64Binary>ECcAAAUAAAD//v9PUgBQAC0AbABpAGQAYQByAC0AQQAxAF8AaQBnAHMALQAxAEAAbQBvAGIAaQBsAGUAQgBvAHQAXwB2ADEALgAxAC8AVwBvAG8AZABzAGMAcgBlAHcAcwBfAEcAQgBfAFQAWQBQAEUAMQAzADYAIABNADIAWAA2AC0ATgAtADQAQABSAFAALQBsAGkAZABhAHIALQBBADEAXwBpAGcAcwAEAAAAEAAAAAEAAAACAAAAHwAAAB0AAAA=</a:base64Binary><a:base64Binary>ECcAAAUAAAD//v9PUgBQAC0AbABpAGQAYQByAC0AQQAxAF8AaQBnAHMALQAxAEAAbQBvAGIAaQBsAGUAQgBvAHQAXwB2ADEALgAxAC8AVwBvAG8AZABzAGMAcgBlAHcAcwBfAEcAQgBfAFQAWQBQAEUAMQAzADYAIABNADIAWAA2AC0ATgAtADMAQABSAFAALQBsAGkAZABhAHIALQBBADEAXwBpAGcAcwAEAAAAEAAAAAEAAAACAAAAHwAAABoAAAA=</a:base64Binary><a:base64Binary>ECcAAAUAAAD//v83UgBQAC0AbABpAGQAYQByAC0AQQAxAF8AaQBnAHMALQAxAEAAbQBvAGIAaQBsAGUAQgBvAHQAXwB2ADEALgAxAC8AaABlAGEAZAAtADEAQABSAFAALQBsAGkAZABhAHIALQBBADEAXwBpAGcAcwAEAAAAEAAAAAEAAAACAAAAHwAAABcAAAA=</a:base64Binary><a:base64Binary>ECcAAAUAAAD//v8+UgBQAC0AbABpAGQAYQByAC0AQQAxAF8AaQBnAHMALQAxAEAAbQBvAGIAaQBsAGUAQgBvAHQAXwB2ADEALgAxAC8AbABhAHMAZQByAC0AbQBvAHUAbgB0AC0AMQBAAFIAUAAtAGwAaQBkAGEAcgAtAEEAMQBfAGkAZwBzAAQAAAAQAAAAAQAAAAIAAAAfAAAAFgAAAA==</a:base64Binary><a:base64Binary>ECcAAAUAAAD//v84UgBQAC0AbABpAGQAYQByAC0AQQAxAF8AaQBnAHMALQAxAEAAbQBvAGIAaQBsAGUAQgBvAHQAXwB2ADEALgAxAC8AbABhAHMAZQByAC0AMQBAAFIAUAAtAGwAaQBkAGEAcgAtAEEAMQBfAGkAZwBzAAQAAAAQAAAAAQAAAAIAAAAfAAAAFQAAAA==</a:base64Binary><a:base64Binary>ECcAAAUAAAD//v9BUgBQAC0AbABpAGQAYQByAC0AQQAxAF8AaQBnAHMALQAxAEAAbQBvAGIAaQBsAGUAQgBvAHQAXwB2ADEALgAxAC8AZABlAHQAZQBjAHQAbwByAC0AbQBvAHUAbgB0AC0AMQBAAFIAUAAtAGwAaQBkAGEAcgAtAEEAMQBfAGkAZwBzAAQAAAAQAAAAAQAAAAIAAAAfAAAAEwAAAA==</a:base64Binary><a:base64Binary>ECcAAAUAAAD//v87UgBQAC0AbABpAGQAYQByAC0AQQAxAF8AaQBnAHMALQAxAEAAbQBvAGIAaQBsAGUAQgBvAHQAXwB2ADEALgAxAC8AZABlAHQAZQBjAHQAbwByAC0AMQBAAFIAUAAtAGwAaQBkAGEAcgAtAEEAMQBfAGkAZwBzAAQAAAAQAAAAAQAAAAIAAAAfAAAAFAAAAA==</a:base64Binary><a:base64Binary>ECcAAAUAAAD//v88UgBQAC0AbABpAGQAYQByAC0AQQAxAF8AaQBnAHMALQAxAEAAbQBvAGIAaQBsAGUAQgBvAHQAXwB2ADEALgAxAC8AaABlAGEAZAAtAGIAYQBzAGUALQAxAEAAUgBQAC0AbABpAGQAYQByAC0AQQAxAF8AaQBnAHMABAAAABAAAAABAAAAAgAAAB8AAAASAAAA</a:base64Binary><a:base64Binary>ECcAAAUAAAD//v83UgBQAC0AbABpAGQAYQByAC0AQQAxAF8AaQBnAHMALQAxAEAAbQBvAGIAaQBsAGUAQgBvAHQAXwB2ADEALgAxAC8AYgBhAHMAZQAtADEAQABSAFAALQBsAGkAZABhAHIALQBBADEAXwBpAGcAcwAEAAAAEAAAAAEAAAACAAAAHwAAABEAAAA=</a:base64Binary><a:base64Binary>ECcAAAUAAAD//v84UgBQAC0AbABpAGQAYQByAC0AQQAxAF8AaQBnAHMALQAxAEAAbQBvAGIAaQBsAGUAQgBvAHQAXwB2ADEALgAxAC8AbQBvAHQAbwByAC0AMQBAAFIAUAAtAGwAaQBkAGEAcgAtAEEAMQBfAGkAZwBzAAQAAAAQAAAAAQAAAAIAAAAfAAAAHAAAAA==</a:base64Binary><a:base64Binary>ECcAAAUAAAD//v8dYgBhAHQAdABlAHIAeQBfAGMAYQBzAGUALQAxAEAAbQBvAGIAaQBsAGUAQgBvAHQAXwB2ADEALgAxAAQAAAAQAAAAAQAAAAEAAAAhAAAA</a:base64Binary><a:base64Binary>ECcAAAUAAAD//v8cYgBhAHQAdABlAHIAeQBQAGEAYwBrAC0AMQBAAG0AbwBiAGkAbABlAEIAbwB0AF8AdgAxAC4AMQAEAAAAEAAAAAEAAAABAAAAIwAAAA==</a:base64Binary><a:base64Binary>ECcAAAUAAAD//v8pQQByAGQAdQBpAG4AbwAgAE0ARQBHAEEAIAAyADUANgAwACAAUgAzAF8AcwB0AHAALQAxAEAAbQBvAGIAaQBsAGUAQgBvAHQAXwB2ADEALgAxAAQAAAAQAAAAAQAAAAEAAAAiAAAA</a:base64Binary><a:base64Binary>ECcAAAUAAAD//v8ibQBvAHQAbwByAF8ARwBNADMANgBBAC0AMwAyADIAOQBFAC0AMQBAAG0AbwBiAGkAbABlAEIAbwB0AF8AdgAxAC4AMQAEAAAAEAAAAAEAAAABAAAAJAAAAA==</a:base64Binary><a:base64Binary>ECcAAAUAAAD//v8kbQBvAHQAbwByAF8AcwB1AHAAcABvAHIAdABfAGYAcgBhAG0AZQAtADEAQABtAG8AYgBpAGwAZQBCAG8AdABfAHYAMQAuADEABAAAABAAAAABAAAAAQAAACcAAAA=</a:base64Binary><a:base64Binary>ECcAAAUAAAD//v8ibQBvAHQAbwByAF8ARwBNADMANgBBAC0AMwAyADIAOQBFAC0AMgBAAG0AbwBiAGkAbABlAEIAbwB0AF8AdgAxAC4AMQAEAAAAEAAAAAEAAAABAAAAJQAAAA==</a:base64Binary><a:base64Binary>ECcAAAUAAAD//v8mbQBvAHQAbwByAF8AcwB1AHAAcABvAHIAdABfAGYAcgBhAG0AZQBfAFIALQAxAEAAbQBvAGIAaQBsAGUAQgBvAHQAXwB2ADEALgAxAAQAAAAQAAAAAQAAAAEAAAAoAAAA</a:base64Binary><a:base64Binary>ECcAAAUAAAD//v8bYgBhAGwAbABDAGEAcwB0AGUAcgAtADEAQABtAG8AYgBpAGwAZQBCAG8AdABfAHYAMQAuADEABAAAABAAAAABAAAAAQAAABkAAAA=</a:base64Binary><a:base64Binary>ECcAAAUAAAD//v8gUgBQAC0AbABpAGQAYQByAC0AQQAxAF8AaQBnAHMALQAxAEAAbQBvAGIAaQBsAGUAQgBvAHQAXwB2ADEALgAxAAQAAAAQAAAAAQAAAAEAAAAfAAAA</a:base64Binary></SWComponentPIDs><SWMainComponentPID i:nil="true"/><Visual z:Ref="i16"/><isFixedFrame>false</isFixedFrame><isIncomplete>false</isIncomplete></Link>
2019-07-23 17:40:03,830 INFO  AssemblyExportForm.cs: 307 - Saving URDF package to F:\2019\6.\ROS\CAD\URDF\mobileBot_v1.1.SLDASM
2019-07-23 17:40:03,833 INFO  ExportHelper.cs: 147 - Beginning the export process
2019-07-23 17:40:03,837 INFO  ExportHelper.cs: 153 - Creating package directories with name mobileBot_v1.1.SLDASM and save path F:\2019\6.\ROS\CAD\URDF
2019-07-23 17:40:07,125 INFO  ExportHelper.cs: 162 - Creating CMakeLists.txt at F:\2019\6.\ROS\CAD\URDF\mobileBot_v1.1.SLDASM\CMakeLists.txt
2019-07-23 17:40:07,127 INFO  ExportHelper.cs: 166 - Creating joint names config at F:\2019\6.\ROS\CAD\URDF\mobileBot_v1.1.SLDASM\config\joint_names_mobileBot_v1.1.SLDASM.yaml
2019-07-23 17:40:07,129 INFO  ExportHelper.cs: 170 - Creating package.xml at F:\2019\6.\ROS\CAD\URDF\mobileBot_v1.1.SLDASM\package.xml
2019-07-23 17:40:07,129 INFO  PackageXMLWriter.cs: 21 - Creating package.xml at F:\2019\6.\ROS\CAD\URDF\mobileBot_v1.1.SLDASM\package.xml
2019-07-23 17:40:07,141 INFO  ExportHelper.cs: 177 - Creating RVIZ launch file in F:\2019\6.\ROS\CAD\URDF\mobileBot_v1.1.SLDASM\launch\
2019-07-23 17:40:07,144 INFO  ExportHelper.cs: 182 - Creating Gazebo launch file in F:\2019\6.\ROS\CAD\URDF\mobileBot_v1.1.SLDASM\launch\
2019-07-23 17:40:07,146 INFO  ExportHelper.cs: 187 - Saving existing STL preferences
2019-07-23 17:40:07,147 INFO  ExportHelper.cs: 451 - Saving users preferences
2019-07-23 17:40:07,148 INFO  ExportHelper.cs: 190 - Modifying STL preferences
2019-07-23 17:40:07,148 INFO  ExportHelper.cs: 465 - Setting STL preferences
2019-07-23 17:40:07,156 INFO  ExportHelper.cs: 196 - Found 0 hidden components 
2019-07-23 17:40:07,157 INFO  ExportHelper.cs: 197 - Hiding all components
2019-07-23 17:40:08,121 INFO  ExportHelper.cs: 204 - Beginning individual files export
2019-07-23 17:40:08,125 INFO  ExportHelper.cs: 270 - Exporting link: base_link
2019-07-23 17:40:08,126 INFO  ExportHelper.cs: 272 - Link base_link has 2 children
2019-07-23 17:40:08,128 INFO  ExportHelper.cs: 270 - Exporting link: Wheel_left
2019-07-23 17:40:08,128 INFO  ExportHelper.cs: 272 - Link Wheel_left has 0 children
2019-07-23 17:40:08,129 INFO  ExportHelper.cs: 318 - Wheel_left: Exporting STL with coordinate frame 
2019-07-23 17:40:08,130 INFO  ExportHelper.cs: 323 - Wheel_left: Reference geometry name 
2019-07-23 17:40:08,699 INFO  ExportHelper.cs: 331 - Saving STL to F:\2019\6.\ROS\CAD\URDF\mobileBot_v1.1.SLDASM\meshes\Wheel_left.STL
2019-07-23 17:40:09,291 INFO  ExportHelper.cs: 406 - Removing SW header in STL file
2019-07-23 17:40:09,295 INFO  ExportHelper.cs: 270 - Exporting link: Wheel_right
2019-07-23 17:40:09,295 INFO  ExportHelper.cs: 272 - Link Wheel_right has 0 children
2019-07-23 17:40:09,295 INFO  ExportHelper.cs: 318 - Wheel_right: Exporting STL with coordinate frame Origin_Wheel_right
2019-07-23 17:40:09,296 INFO  ExportHelper.cs: 323 - Wheel_right: Reference geometry name 
2019-07-23 17:40:09,553 INFO  ExportHelper.cs: 331 - Saving STL to F:\2019\6.\ROS\CAD\URDF\mobileBot_v1.1.SLDASM\meshes\Wheel_right.STL
2019-07-23 17:40:10,033 INFO  ExportHelper.cs: 406 - Removing SW header in STL file
2019-07-23 17:40:10,035 INFO  ExportHelper.cs: 318 - base_link: Exporting STL with coordinate frame Origin_global
2019-07-23 17:40:10,036 INFO  ExportHelper.cs: 323 - base_link: Reference geometry name 
2019-07-23 17:40:12,515 INFO  ExportHelper.cs: 331 - Saving STL to F:\2019\6.\ROS\CAD\URDF\mobileBot_v1.1.SLDASM\meshes\base_link.STL
2019-07-23 17:40:18,564 INFO  ExportHelper.cs: 406 - Removing SW header in STL file
2019-07-23 17:40:18,566 INFO  ExportHelper.cs: 145 - Showing all components except previously hidden components
2019-07-23 17:40:21,604 INFO  ExportHelper.cs: 145 - Resetting STL preferences
2019-07-23 17:40:21,605 INFO  ExportHelper.cs: 479 - Returning STL preferences to user preferences
2019-07-23 17:40:21,605 INFO  ExportHelper.cs: 228 - Writing URDF file to F:\2019\6.\ROS\CAD\URDF\mobileBot_v1.1.SLDASM\urdf\mobileBot_v1.1.SLDASM.urdf
2019-07-23 17:40:21,650 INFO  CSVImportExport.cs: 32 - Writing CSV file F:\2019\6.\ROS\CAD\URDF\mobileBot_v1.1.SLDASM\urdf\mobileBot_v1.1.SLDASM.csv
2019-07-23 17:40:21,693 ERROR CSVImportExport.cs: 132 - The following columns were not written to the CSV: Link.Joint.ChildLink.link,
2019-07-23 17:40:21,694 ERROR CSVImportExport.cs: 132 - The following columns were not written to the CSV: Link.Joint.ChildLink.link,
2019-07-23 17:40:21,694 ERROR CSVImportExport.cs: 132 - The following columns were not written to the CSV: Link.Joint.ChildLink.link,
2019-07-23 17:40:21,696 INFO  ExportHelper.cs: 234 - Copying log file
2019-07-23 17:40:21,700 INFO  ExportHelper.cs: 440 - Copying C:\Users\Danna\sw2urdf_logs\sw2urdf.log to F:\2019\6.\ROS\CAD\URDF\mobileBot_v1.1.SLDASM\export.log
